
=====================================================================
This module is intended solely for building or source activating user
python environments, i.e.,

    mamba create -n myenv -c conda-forge

or

    source activate myenv

To list available environments, run:

    mamba info --envs

See our docs: https://links.asu.edu/solpy

Any other use is NOT TESTED.
=====================================================================

  
Starting training
[TRAIN] Epoch 1 Loss 0.5970
26966 8696 12800 22961
[TEST ] 1 ----------------
Starting training
[TRAIN] Epoch 2 Loss 0.4852
27001 8661 11148 24613
[TEST ] 2 ----------------
Starting training
[TRAIN] Epoch 3 Loss 0.4673
27223 8439 9432 26329
[TEST ] 3 ----------------
Starting training
[TRAIN] Epoch 4 Loss 0.5062
27293 8369 7600 28161
[TEST ] 4 ----------------
Starting training
[TRAIN] Epoch 5 Loss 0.3887
27740 7922 6946 28815
[TEST ] 5 ----------------
Starting training
[TRAIN] Epoch 6 Loss 0.3991
28741 6921 7230 28531
[TEST ] 6 ----------------
Starting training
[TRAIN] Epoch 7 Loss 0.2912
27361 8301 5522 30239
[TEST ] 7 ----------------
Starting training
[TRAIN] Epoch 8 Loss 0.3813
28892 6770 5888 29873
[TEST ] 8 ----------------
Starting training
[TRAIN] Epoch 9 Loss 0.4048
27792 7870 4582 31179
[TEST ] 9 ----------------
Starting training
[TRAIN] Epoch 10 Loss 0.1859
27238 8424 4094 31667
[TEST ] 10 ----------------
Starting training
[TRAIN] Epoch 11 Loss 0.2272
27456 8206 3855 31906
[TEST ] 11 ----------------
Starting training
[TRAIN] Epoch 12 Loss 0.2713
26514 9148 3313 32448
[TEST ] 12 ----------------
Starting training
[TRAIN] Epoch 13 Loss 0.2580
26583 9079 3408 32353
[TEST ] 13 ----------------
Starting training
[TRAIN] Epoch 14 Loss 0.4330
25804 9858 2833 32928
[TEST ] 14 ----------------
Starting training
[TRAIN] Epoch 15 Loss 0.1412
25917 9745 2888 32873
[TEST ] 15 ----------------
Starting training
[TRAIN] Epoch 16 Loss 0.3589
25893 9769 2887 32874
[TEST ] 16 ----------------
Starting training
[TRAIN] Epoch 17 Loss 0.5120
23707 11955 2196 33565
[TEST ] 17 ----------------
Starting training
[TRAIN] Epoch 18 Loss 0.1418
23619 12043 2118 33643
[TEST ] 18 ----------------
Starting training
[TRAIN] Epoch 19 Loss 0.3581
24062 11600 2073 33688
[TEST ] 19 ----------------
Starting training
[TRAIN] Epoch 20 Loss 0.3009
24727 10935 2119 33642
[TEST ] 20 ----------------
Starting training
[TRAIN] Epoch 21 Loss 0.3173
24130 11532 2127 33634
[TEST ] 21 ----------------
Starting training
[TRAIN] Epoch 22 Loss 0.2545
22752 12910 2011 33750
[TEST ] 22 ----------------
Starting training
[TRAIN] Epoch 23 Loss 0.0898
21774 13888 1702 34059
[TEST ] 23 ----------------
Starting training
[TRAIN] Epoch 24 Loss 0.1347
23119 12543 1706 34055
[TEST ] 24 ----------------
Starting training
[TRAIN] Epoch 25 Loss 0.1889
25027 10635 2395 33366
[TEST ] 25 ----------------
Starting training
[TRAIN] Epoch 26 Loss 0.1672
23064 12598 2022 33739
[TEST ] 26 ----------------
Starting training
[TRAIN] Epoch 27 Loss 0.3481
23487 12175 2066 33695
[TEST ] 27 ----------------
Starting training
[TRAIN] Epoch 28 Loss 0.2145
22583 13079 1764 33997
[TEST ] 28 ----------------
Starting training
[TRAIN] Epoch 29 Loss 0.1891
21361 14301 1572 34189
[TEST ] 29 ----------------
Starting training
[TRAIN] Epoch 30 Loss 0.3110
22565 13097 1806 33955
[TEST ] 30 ----------------
Starting training
[TRAIN] Epoch 31 Loss 0.0877
21610 14052 1406 34355
[TEST ] 31 ----------------
Starting training
[TRAIN] Epoch 32 Loss 0.2846
22992 12670 1821 33940
[TEST ] 32 ----------------
Starting training
[TRAIN] Epoch 33 Loss 0.1406
19641 16021 1375 34386
[TEST ] 33 ----------------
Starting training
[TRAIN] Epoch 34 Loss 0.2455
24067 11595 1962 33799
[TEST ] 34 ----------------
Starting training
[TRAIN] Epoch 35 Loss 0.1300
20434 15228 1548 34213
[TEST ] 35 ----------------
Starting training
[TRAIN] Epoch 36 Loss 0.0962
21747 13915 1620 34141
[TEST ] 36 ----------------
Starting training
[TRAIN] Epoch 37 Loss 0.2838
18171 17491 1231 34530
[TEST ] 37 ----------------
Starting training
[TRAIN] Epoch 38 Loss 0.1375
17890 17772 1181 34580
[TEST ] 38 ----------------
Starting training
[TRAIN] Epoch 39 Loss 0.1015
20816 14846 1636 34125
[TEST ] 39 ----------------
Starting training
[TRAIN] Epoch 40 Loss 0.2824
20496 15166 1324 34437
[TEST ] 40 ----------------
Starting training
[TRAIN] Epoch 41 Loss 0.2848
22638 13024 1901 33860
[TEST ] 41 ----------------
Starting training
[TRAIN] Epoch 42 Loss 0.0585
20103 15559 1441 34320
[TEST ] 42 ----------------
Starting training
[TRAIN] Epoch 43 Loss 0.3328
18205 17457 1124 34637
[TEST ] 43 ----------------
Starting training
[TRAIN] Epoch 44 Loss 0.1009
21537 14125 1556 34205
[TEST ] 44 ----------------
Starting training
[TRAIN] Epoch 45 Loss 0.2094
19401 16261 1378 34383
[TEST ] 45 ----------------
Starting training
[TRAIN] Epoch 46 Loss 0.2162
19194 16468 1362 34399
[TEST ] 46 ----------------
Starting training
[TRAIN] Epoch 47 Loss 0.1902
21534 14128 1656 34105
[TEST ] 47 ----------------
Starting training
[TRAIN] Epoch 48 Loss 0.1532
20552 15110 1471 34290
[TEST ] 48 ----------------
Starting training
[TRAIN] Epoch 49 Loss 0.2328
19830 15832 1413 34348
[TEST ] 49 ----------------
Starting training
[TRAIN] Epoch 50 Loss 0.1301
17731 17931 1131 34630
[TEST ] 50 ----------------
Starting training
[TRAIN] Epoch 51 Loss 0.0794
17307 18355 1079 34682
[TEST ] 51 ----------------
Starting training
[TRAIN] Epoch 52 Loss 0.0383
16879 18783 1096 34665
[TEST ] 52 ----------------
Starting training
[TRAIN] Epoch 53 Loss 0.1074
16773 18889 1106 34655
[TEST ] 53 ----------------
Starting training
[TRAIN] Epoch 54 Loss 0.1111
19610 16052 1389 34372
[TEST ] 54 ----------------
Starting training
[TRAIN] Epoch 55 Loss 0.1584
16215 19447 921 34840
[TEST ] 55 ----------------
Starting training
[TRAIN] Epoch 56 Loss 0.1297
19785 15877 1355 34406
[TEST ] 56 ----------------
Starting training
[TRAIN] Epoch 57 Loss 0.0513
17476 18186 1098 34663
[TEST ] 57 ----------------
Starting training
[TRAIN] Epoch 58 Loss 0.2118
13803 21859 768 34993
[TEST ] 58 ----------------
Starting training
[TRAIN] Epoch 59 Loss 0.1878
18033 17629 1173 34588
[TEST ] 59 ----------------
Starting training
[TRAIN] Epoch 60 Loss 0.1163
15974 19688 943 34818
[TEST ] 60 ----------------
Starting training
[TRAIN] Epoch 61 Loss 0.0643
17681 17981 1071 34690
[TEST ] 61 ----------------
Starting training
[TRAIN] Epoch 62 Loss 0.1247
17314 18348 1077 34684
[TEST ] 62 ----------------
Starting training
[TRAIN] Epoch 63 Loss 0.0275
18434 17228 1168 34593
[TEST ] 63 ----------------
Starting training
[TRAIN] Epoch 64 Loss 0.0545
18631 17031 1154 34607
[TEST ] 64 ----------------
Starting training
[TRAIN] Epoch 65 Loss 0.1218
16424 19238 937 34824
[TEST ] 65 ----------------
Starting training
[TRAIN] Epoch 66 Loss 0.1314
16664 18998 941 34820
[TEST ] 66 ----------------
Starting training
[TRAIN] Epoch 67 Loss 0.0847
18189 17473 1026 34735
[TEST ] 67 ----------------
Starting training
[TRAIN] Epoch 68 Loss 0.0893
20653 15009 1418 34343
[TEST ] 68 ----------------
Starting training
[TRAIN] Epoch 69 Loss 0.1281
19341 16321 1251 34510
[TEST ] 69 ----------------
Starting training
[TRAIN] Epoch 70 Loss 0.1806
17860 17802 1082 34679
[TEST ] 70 ----------------
Starting training
[TRAIN] Epoch 71 Loss 0.1997
16150 19512 1010 34751
[TEST ] 71 ----------------
Starting training
[TRAIN] Epoch 72 Loss 0.0549
16424 19238 985 34776
[TEST ] 72 ----------------
Starting training
[TRAIN] Epoch 73 Loss 0.1709
19003 16659 1288 34473
[TEST ] 73 ----------------
Starting training
[TRAIN] Epoch 74 Loss 0.1194
17584 18078 1065 34696
[TEST ] 74 ----------------
Starting training
[TRAIN] Epoch 75 Loss 0.1605
17111 18551 1031 34730
[TEST ] 75 ----------------
Starting training
[TRAIN] Epoch 76 Loss 0.1267
17585 18077 1074 34687
[TEST ] 76 ----------------
Starting training
[TRAIN] Epoch 77 Loss 0.1006
17616 18046 1060 34701
[TEST ] 77 ----------------
Starting training
[TRAIN] Epoch 78 Loss 0.2076
16672 18990 932 34829
[TEST ] 78 ----------------
Starting training
[TRAIN] Epoch 79 Loss 0.0526
16552 19110 927 34834
[TEST ] 79 ----------------
Starting training
[TRAIN] Epoch 80 Loss 0.0678
14958 20704 846 34915
[TEST ] 80 ----------------
Starting training
[TRAIN] Epoch 81 Loss 0.0750
15677 19985 849 34912
[TEST ] 81 ----------------
Starting training
[TRAIN] Epoch 82 Loss 0.0805
16594 19068 903 34858
[TEST ] 82 ----------------
Starting training
[TRAIN] Epoch 83 Loss 0.0226
17189 18473 1019 34742
[TEST ] 83 ----------------
Starting training
[TRAIN] Epoch 84 Loss 0.0846
17235 18427 993 34768
[TEST ] 84 ----------------
Starting training
[TRAIN] Epoch 85 Loss 0.0393
15786 19876 973 34788
[TEST ] 85 ----------------
Starting training
[TRAIN] Epoch 86 Loss 0.0472
18408 17254 1169 34592
[TEST ] 86 ----------------
Starting training
[TRAIN] Epoch 87 Loss 0.0222
16094 19568 883 34878
[TEST ] 87 ----------------
Starting training
[TRAIN] Epoch 88 Loss 0.1178
16278 19384 996 34765
[TEST ] 88 ----------------
Starting training
[TRAIN] Epoch 89 Loss 0.0637
13996 21666 740 35021
[TEST ] 89 ----------------
Starting training
[TRAIN] Epoch 90 Loss 0.0593
16683 18979 955 34806
[TEST ] 90 ----------------
Starting training
[TRAIN] Epoch 91 Loss 0.1490
16044 19618 1032 34729
[TEST ] 91 ----------------
Starting training
[TRAIN] Epoch 92 Loss 0.0684
14784 20878 864 34897
[TEST ] 92 ----------------
Starting training
[TRAIN] Epoch 93 Loss 0.1139
16221 19441 954 34807
[TEST ] 93 ----------------
Starting training
[TRAIN] Epoch 94 Loss 0.1140
16159 19503 969 34792
[TEST ] 94 ----------------
Starting training
[TRAIN] Epoch 95 Loss 0.2578
15772 19890 897 34864
[TEST ] 95 ----------------
Starting training
[TRAIN] Epoch 96 Loss 0.2166
14937 20725 948 34813
[TEST ] 96 ----------------
Starting training
[TRAIN] Epoch 97 Loss 0.0947
17371 18291 1208 34553
[TEST ] 97 ----------------
Starting training
[TRAIN] Epoch 98 Loss 0.2052
17226 18436 957 34804
[TEST ] 98 ----------------
Starting training
[TRAIN] Epoch 99 Loss 0.1700
20353 15309 1435 34326
[TEST ] 99 ----------------
Starting training
[TRAIN] Epoch 100 Loss 0.0708
16949 18713 1119 34642
[TEST ] 100 ----------------
Starting training
[TRAIN] Epoch 101 Loss 0.0884
14454 21208 833 34928
[TEST ] 101 ----------------
Starting training
[TRAIN] Epoch 102 Loss 0.1674
15030 20632 892 34869
[TEST ] 102 ----------------
Starting training
[TRAIN] Epoch 103 Loss 0.0370
15065 20597 959 34802
[TEST ] 103 ----------------
Starting training
[TRAIN] Epoch 104 Loss 0.1425
15854 19808 925 34836
[TEST ] 104 ----------------
Starting training
[TRAIN] Epoch 105 Loss 0.0254
17025 18637 1045 34716
[TEST ] 105 ----------------
Starting training
[TRAIN] Epoch 106 Loss 0.0190
14584 21078 858 34903
[TEST ] 106 ----------------
Starting training
[TRAIN] Epoch 107 Loss 0.0659
15872 19790 958 34803
[TEST ] 107 ----------------
Starting training
[TRAIN] Epoch 108 Loss 0.2038
15001 20661 893 34868
[TEST ] 108 ----------------
Starting training
[TRAIN] Epoch 109 Loss 0.0873
15528 20134 955 34806
[TEST ] 109 ----------------
Starting training
[TRAIN] Epoch 110 Loss 0.1058
15649 20013 948 34813
[TEST ] 110 ----------------
Starting training
[TRAIN] Epoch 111 Loss 0.0704
16795 18867 1110 34651
[TEST ] 111 ----------------
Starting training
[TRAIN] Epoch 112 Loss 0.1831
14623 21039 826 34935
[TEST ] 112 ----------------
Starting training
[TRAIN] Epoch 113 Loss 0.2591
16005 19657 968 34793
[TEST ] 113 ----------------
Starting training
[TRAIN] Epoch 114 Loss 0.1544
16733 18929 1080 34681
[TEST ] 114 ----------------
Starting training
[TRAIN] Epoch 115 Loss 0.1185
15815 19847 1038 34723
[TEST ] 115 ----------------
Starting training
[TRAIN] Epoch 116 Loss 0.1614
14590 21072 894 34867
[TEST ] 116 ----------------
Starting training
[TRAIN] Epoch 117 Loss 0.0480
17029 18633 1093 34668
[TEST ] 117 ----------------
Starting training
[TRAIN] Epoch 118 Loss 0.0425
15441 20221 965 34796
[TEST ] 118 ----------------
Starting training
[TRAIN] Epoch 119 Loss 0.4237
14590 21072 806 34955
[TEST ] 119 ----------------
Starting training
[TRAIN] Epoch 120 Loss 0.1920
16887 18775 1050 34711
[TEST ] 120 ----------------
Starting training
[TRAIN] Epoch 121 Loss 0.1340
13281 22381 761 35000
[TEST ] 121 ----------------
Starting training
[TRAIN] Epoch 122 Loss 0.0516
12911 22751 730 35031
[TEST ] 122 ----------------
Starting training
[TRAIN] Epoch 123 Loss 0.0939
15401 20261 1149 34612
[TEST ] 123 ----------------
Starting training
[TRAIN] Epoch 124 Loss 0.0167
16074 19588 1035 34726
[TEST ] 124 ----------------
Starting training
[TRAIN] Epoch 125 Loss 0.1015
11794 23868 698 35063
[TEST ] 125 ----------------
Starting training
[TRAIN] Epoch 126 Loss 0.0378
15523 20139 930 34831
[TEST ] 126 ----------------
Starting training
[TRAIN] Epoch 127 Loss 0.0298
16223 19439 987 34774
[TEST ] 127 ----------------
Starting training
[TRAIN] Epoch 128 Loss 0.0105
16751 18911 1072 34689
[TEST ] 128 ----------------
Starting training
[TRAIN] Epoch 129 Loss 0.0511
14287 21375 865 34896
[TEST ] 129 ----------------
Starting training
[TRAIN] Epoch 130 Loss 0.1060
13653 22009 949 34812
[TEST ] 130 ----------------
Starting training
[TRAIN] Epoch 131 Loss 0.1699
17893 17769 1287 34474
[TEST ] 131 ----------------
Starting training
[TRAIN] Epoch 132 Loss 0.0179
14473 21189 892 34869
[TEST ] 132 ----------------
Starting training
[TRAIN] Epoch 133 Loss 0.1272
13913 21749 872 34889
[TEST ] 133 ----------------
Starting training
[TRAIN] Epoch 134 Loss 0.1150
14284 21378 821 34940
[TEST ] 134 ----------------
Starting training
[TRAIN] Epoch 135 Loss 0.0968
15182 20480 887 34874
[TEST ] 135 ----------------
Starting training
[TRAIN] Epoch 136 Loss 0.1074
14993 20669 932 34829
[TEST ] 136 ----------------
Starting training
[TRAIN] Epoch 137 Loss 0.1317
14649 21013 954 34807
[TEST ] 137 ----------------
Starting training
[TRAIN] Epoch 138 Loss 0.0590
14464 21198 930 34831
[TEST ] 138 ----------------
Starting training
[TRAIN] Epoch 139 Loss 0.0909
13420 22242 762 34999
[TEST ] 139 ----------------
Starting training
[TRAIN] Epoch 140 Loss 0.0519
14262 21400 877 34884
[TEST ] 140 ----------------
Starting training
[TRAIN] Epoch 141 Loss 0.0706
15181 20481 972 34789
[TEST ] 141 ----------------
Starting training
[TRAIN] Epoch 142 Loss 0.1308
14074 21588 818 34943
[TEST ] 142 ----------------
Starting training
[TRAIN] Epoch 143 Loss 0.1671
14121 21541 912 34849
[TEST ] 143 ----------------
Starting training
[TRAIN] Epoch 144 Loss 0.0385
11758 23904 678 35083
[TEST ] 144 ----------------
Starting training
[TRAIN] Epoch 145 Loss 0.0781
16011 19651 956 34805
[TEST ] 145 ----------------
Starting training
[TRAIN] Epoch 146 Loss 0.1486
15460 20202 881 34880
[TEST ] 146 ----------------
Starting training
[TRAIN] Epoch 147 Loss 0.1742
14359 21303 971 34790
[TEST ] 147 ----------------
Starting training
[TRAIN] Epoch 148 Loss 0.0736
16672 18990 1223 34538
[TEST ] 148 ----------------
Starting training
[TRAIN] Epoch 149 Loss 0.1145
13378 22284 805 34956
[TEST ] 149 ----------------
Starting training
[TRAIN] Epoch 150 Loss 0.0650
17774 17888 1298 34463
[TEST ] 150 ----------------
Starting training
[TRAIN] Epoch 151 Loss 0.0372
13412 22250 878 34883
[TEST ] 151 ----------------
Starting training
[TRAIN] Epoch 152 Loss 0.1524
14452 21210 946 34815
[TEST ] 152 ----------------
Starting training
[TRAIN] Epoch 153 Loss 0.0199
15222 20440 946 34815
[TEST ] 153 ----------------
Starting training
[TRAIN] Epoch 154 Loss 0.2907
13896 21766 822 34939
[TEST ] 154 ----------------
Starting training
[TRAIN] Epoch 155 Loss 0.1068
14573 21089 929 34832
[TEST ] 155 ----------------
Starting training
[TRAIN] Epoch 156 Loss 0.0142
15611 20051 930 34831
[TEST ] 156 ----------------
Starting training
[TRAIN] Epoch 157 Loss 0.0476
13619 22043 850 34911
[TEST ] 157 ----------------
Starting training
[TRAIN] Epoch 158 Loss 0.2652
14810 20852 930 34831
[TEST ] 158 ----------------
Starting training
[TRAIN] Epoch 159 Loss 0.0956
14485 21177 927 34834
[TEST ] 159 ----------------
Starting training
[TRAIN] Epoch 160 Loss 0.0642
15485 20177 958 34803
[TEST ] 160 ----------------
Starting training
[TRAIN] Epoch 161 Loss 0.0358
12995 22667 732 35029
[TEST ] 161 ----------------
Starting training
[TRAIN] Epoch 162 Loss 0.0454
13594 22068 798 34963
[TEST ] 162 ----------------
Starting training
[TRAIN] Epoch 163 Loss 0.0356
14929 20733 942 34819
[TEST ] 163 ----------------
Starting training
[TRAIN] Epoch 164 Loss 0.0887
15607 20055 1100 34661
[TEST ] 164 ----------------
Starting training
[TRAIN] Epoch 165 Loss 0.0706
14967 20695 934 34827
[TEST ] 165 ----------------
Starting training
[TRAIN] Epoch 166 Loss 0.1546
14840 20822 893 34868
[TEST ] 166 ----------------
Starting training
[TRAIN] Epoch 167 Loss 0.1236
14736 20926 937 34824
[TEST ] 167 ----------------
Starting training
[TRAIN] Epoch 168 Loss 0.0622
12540 23122 726 35035
[TEST ] 168 ----------------
Starting training
[TRAIN] Epoch 169 Loss 0.0772
17166 18496 1151 34610
[TEST ] 169 ----------------
Starting training
[TRAIN] Epoch 170 Loss 0.0613
14602 21060 861 34900
[TEST ] 170 ----------------
Starting training
[TRAIN] Epoch 171 Loss 0.0802
15751 19911 1144 34617
[TEST ] 171 ----------------
Starting training
[TRAIN] Epoch 172 Loss 0.0343
14785 20877 973 34788
[TEST ] 172 ----------------
Starting training
[TRAIN] Epoch 173 Loss 0.1082
15942 19720 987 34774
[TEST ] 173 ----------------
Starting training
[TRAIN] Epoch 174 Loss 0.1122
16125 19537 1018 34743
[TEST ] 174 ----------------
Starting training
[TRAIN] Epoch 175 Loss 0.0788
14952 20710 960 34801
[TEST ] 175 ----------------
Starting training
[TRAIN] Epoch 176 Loss 0.0602
16038 19624 1036 34725
[TEST ] 176 ----------------
Starting training
[TRAIN] Epoch 177 Loss 0.1136
13904 21758 825 34936
[TEST ] 177 ----------------
Starting training
[TRAIN] Epoch 178 Loss 0.0786
13105 22557 823 34938
[TEST ] 178 ----------------
Starting training
[TRAIN] Epoch 179 Loss 0.1191
16985 18677 1105 34656
[TEST ] 179 ----------------
Starting training
[TRAIN] Epoch 180 Loss 0.0729
16448 19214 1189 34572
[TEST ] 180 ----------------
Starting training
[TRAIN] Epoch 181 Loss 0.0837
13962 21700 777 34984
[TEST ] 181 ----------------
Starting training
[TRAIN] Epoch 182 Loss 0.0494
14023 21639 838 34923
[TEST ] 182 ----------------
Starting training
[TRAIN] Epoch 183 Loss 0.0162
15876 19786 1020 34741
[TEST ] 183 ----------------
Starting training
[TRAIN] Epoch 184 Loss 0.0526
14155 21507 897 34864
[TEST ] 184 ----------------
Starting training
[TRAIN] Epoch 185 Loss 0.1466
12390 23272 752 35009
[TEST ] 185 ----------------
Starting training
[TRAIN] Epoch 186 Loss 0.0193
12641 23021 764 34997
[TEST ] 186 ----------------
Starting training
[TRAIN] Epoch 187 Loss 0.1260
16863 18799 1300 34461
[TEST ] 187 ----------------
Starting training
[TRAIN] Epoch 188 Loss 0.0921
14522 21140 899 34862
[TEST ] 188 ----------------
Starting training
[TRAIN] Epoch 189 Loss 0.0744
14391 21271 898 34863
[TEST ] 189 ----------------
Starting training
[TRAIN] Epoch 190 Loss 0.1404
14268 21394 955 34806
[TEST ] 190 ----------------
Starting training
[TRAIN] Epoch 191 Loss 0.0222
14425 21237 908 34853
[TEST ] 191 ----------------
Starting training
[TRAIN] Epoch 192 Loss 0.0585
16099 19563 1216 34545
[TEST ] 192 ----------------
Starting training
[TRAIN] Epoch 193 Loss 0.0798
14517 21145 934 34827
[TEST ] 193 ----------------
Starting training
[TRAIN] Epoch 194 Loss 0.1108
12672 22990 791 34970
[TEST ] 194 ----------------
Starting training
[TRAIN] Epoch 195 Loss 0.0545
14284 21378 937 34824
[TEST ] 195 ----------------
Starting training
[TRAIN] Epoch 196 Loss 0.1846
15106 20556 1046 34715
[TEST ] 196 ----------------
Starting training
[TRAIN] Epoch 197 Loss 0.2517
14198 21464 905 34856
[TEST ] 197 ----------------
Starting training
[TRAIN] Epoch 198 Loss 0.0337
14645 21017 1034 34727
[TEST ] 198 ----------------
Starting training
[TRAIN] Epoch 199 Loss 0.0239
13560 22102 918 34843
[TEST ] 199 ----------------
Starting training
[TRAIN] Epoch 200 Loss 0.0860
13622 22040 985 34776
[TEST ] 200 ----------------
epi_eplit_modified
158m 35s
[TEST ] 200 ----------------
13622 22040 985 34776
accuracy   0.6776
auc        0.9100
f1macro    0.6466
f1micro    0.6776
loss       89785.6880
precision0 0.9326
precision1 0.6121
recall0    0.3820
recall1    0.9725

Starting training
[TRAIN] Epoch 1 Loss 0.5873
15607 3827 8367 10578
[TEST ] 1 ----------------
Starting training
[TRAIN] Epoch 2 Loss 0.5405
14289 5145 6582 12363
[TEST ] 2 ----------------
Starting training
[TRAIN] Epoch 3 Loss 0.6240
15596 3838 7595 11350
[TEST ] 3 ----------------
Starting training
[TRAIN] Epoch 4 Loss 0.4464
15375 4059 7199 11746
[TEST ] 4 ----------------
Starting training
[TRAIN] Epoch 5 Loss 0.6090
15314 4120 6842 12103
[TEST ] 5 ----------------
Starting training
[TRAIN] Epoch 6 Loss 0.7178
14691 4743 6355 12590
[TEST ] 6 ----------------
Starting training
[TRAIN] Epoch 7 Loss 0.6316
14586 4848 6146 12799
[TEST ] 7 ----------------
Starting training
[TRAIN] Epoch 8 Loss 0.7324
14056 5378 5507 13438
[TEST ] 8 ----------------
Starting training
[TRAIN] Epoch 9 Loss 0.4483
14400 5034 5691 13254
[TEST ] 9 ----------------
Starting training
[TRAIN] Epoch 10 Loss 0.6292
12416 7018 4212 14733
[TEST ] 10 ----------------
Starting training
[TRAIN] Epoch 11 Loss 0.4277
13495 5939 5033 13912
[TEST ] 11 ----------------
Starting training
[TRAIN] Epoch 12 Loss 0.2903
13761 5673 4934 14011
[TEST ] 12 ----------------
Starting training
[TRAIN] Epoch 13 Loss 0.6179
11621 7813 3583 15362
[TEST ] 13 ----------------
Starting training
[TRAIN] Epoch 14 Loss 0.7738
12218 7216 4050 14895
[TEST ] 14 ----------------
Starting training
[TRAIN] Epoch 15 Loss 0.6197
12806 6628 4397 14548
[TEST ] 15 ----------------
Starting training
[TRAIN] Epoch 16 Loss 0.5622
11965 7469 3764 15181
[TEST ] 16 ----------------
Starting training
[TRAIN] Epoch 17 Loss 0.3994
11786 7648 3624 15321
[TEST ] 17 ----------------
Starting training
[TRAIN] Epoch 18 Loss 0.3024
10899 8535 3209 15736
[TEST ] 18 ----------------
Starting training
[TRAIN] Epoch 19 Loss 0.3794
10785 8649 3132 15813
[TEST ] 19 ----------------
Starting training
[TRAIN] Epoch 20 Loss 0.4704
10113 9321 2788 16157
[TEST ] 20 ----------------
Starting training
[TRAIN] Epoch 21 Loss 0.2641
9774 9660 2644 16301
[TEST ] 21 ----------------
Starting training
[TRAIN] Epoch 22 Loss 0.3116
9005 10429 2279 16666
[TEST ] 22 ----------------
Starting training
[TRAIN] Epoch 23 Loss 0.5764
11356 8078 3328 15617
[TEST ] 23 ----------------
Starting training
[TRAIN] Epoch 24 Loss 0.1638
8943 10491 2247 16698
[TEST ] 24 ----------------
Starting training
[TRAIN] Epoch 25 Loss 0.2520
9697 9737 2607 16338
[TEST ] 25 ----------------
Starting training
[TRAIN] Epoch 26 Loss 0.3375
9209 10225 2335 16610
[TEST ] 26 ----------------
Starting training
[TRAIN] Epoch 27 Loss 1.1030
9248 10186 2398 16547
[TEST ] 27 ----------------
Starting training
[TRAIN] Epoch 28 Loss 0.3376
9971 9463 2692 16253
[TEST ] 28 ----------------
Starting training
[TRAIN] Epoch 29 Loss 0.4001
8663 10771 2131 16814
[TEST ] 29 ----------------
Starting training
[TRAIN] Epoch 30 Loss 0.5890
9693 9741 2670 16275
[TEST ] 30 ----------------
Starting training
[TRAIN] Epoch 31 Loss 0.2560
8721 10713 2135 16810
[TEST ] 31 ----------------
Starting training
[TRAIN] Epoch 32 Loss 0.3711
8849 10585 2229 16716
[TEST ] 32 ----------------
Starting training
[TRAIN] Epoch 33 Loss 0.1314
8813 10621 2199 16746
[TEST ] 33 ----------------
Starting training
[TRAIN] Epoch 34 Loss 0.2264
9148 10286 2350 16595
[TEST ] 34 ----------------
Starting training
[TRAIN] Epoch 35 Loss 0.1192
7871 11563 1853 17092
[TEST ] 35 ----------------
Starting training
[TRAIN] Epoch 36 Loss 0.4944
8390 11044 2055 16890
[TEST ] 36 ----------------
Starting training
[TRAIN] Epoch 37 Loss 0.2709
7451 11983 1704 17241
[TEST ] 37 ----------------
Starting training
[TRAIN] Epoch 38 Loss 0.2157
8402 11032 2009 16936
[TEST ] 38 ----------------
Starting training
[TRAIN] Epoch 39 Loss 0.2567
7521 11913 1756 17189
[TEST ] 39 ----------------
Starting training
[TRAIN] Epoch 40 Loss 0.3129
8493 10941 2114 16831
[TEST ] 40 ----------------
Starting training
[TRAIN] Epoch 41 Loss 0.3396
8593 10841 2112 16833
[TEST ] 41 ----------------
Starting training
[TRAIN] Epoch 42 Loss 0.2176
8176 11258 1936 17009
[TEST ] 42 ----------------
Starting training
[TRAIN] Epoch 43 Loss 0.2470
7920 11514 1902 17043
[TEST ] 43 ----------------
Starting training
[TRAIN] Epoch 44 Loss 0.2122
7072 12362 1600 17345
[TEST ] 44 ----------------
Starting training
[TRAIN] Epoch 45 Loss 0.3463
8233 11201 1968 16977
[TEST ] 45 ----------------
Starting training
[TRAIN] Epoch 46 Loss 1.1028
7352 12082 1740 17205
[TEST ] 46 ----------------
Starting training
[TRAIN] Epoch 47 Loss 0.3145
6564 12870 1423 17522
[TEST ] 47 ----------------
Starting training
[TRAIN] Epoch 48 Loss 0.4590
7397 12037 1644 17301
[TEST ] 48 ----------------
Starting training
[TRAIN] Epoch 49 Loss 0.2641
7460 11974 1711 17234
[TEST ] 49 ----------------
Starting training
[TRAIN] Epoch 50 Loss 0.2002
6987 12447 1539 17406
[TEST ] 50 ----------------
Starting training
[TRAIN] Epoch 51 Loss 0.5329
7488 11946 1697 17248
[TEST ] 51 ----------------
Starting training
[TRAIN] Epoch 52 Loss 0.3782
7986 11448 1866 17079
[TEST ] 52 ----------------
Starting training
[TRAIN] Epoch 53 Loss 0.2720
6744 12690 1477 17468
[TEST ] 53 ----------------
Starting training
[TRAIN] Epoch 54 Loss 0.4402
6096 13338 1301 17644
[TEST ] 54 ----------------
Starting training
[TRAIN] Epoch 55 Loss 0.7194
6299 13135 1334 17611
[TEST ] 55 ----------------
Starting training
[TRAIN] Epoch 56 Loss 0.1246
7543 11891 1789 17156
[TEST ] 56 ----------------
Starting training
[TRAIN] Epoch 57 Loss 0.3579
6259 13175 1322 17623
[TEST ] 57 ----------------
Starting training
[TRAIN] Epoch 58 Loss 0.1538
6896 12538 1532 17413
[TEST ] 58 ----------------
Starting training
[TRAIN] Epoch 59 Loss 0.2408
6376 13058 1347 17598
[TEST ] 59 ----------------
Starting training
[TRAIN] Epoch 60 Loss 0.4513
6776 12658 1500 17445
[TEST ] 60 ----------------
Starting training
[TRAIN] Epoch 61 Loss 0.1046
7066 12368 1595 17350
[TEST ] 61 ----------------
Starting training
[TRAIN] Epoch 62 Loss 0.5971
6753 12681 1452 17493
[TEST ] 62 ----------------
Starting training
[TRAIN] Epoch 63 Loss 0.0815
5865 13569 1282 17663
[TEST ] 63 ----------------
Starting training
[TRAIN] Epoch 64 Loss 0.1976
6130 13304 1323 17622
[TEST ] 64 ----------------
Starting training
[TRAIN] Epoch 65 Loss 0.7674
6752 12682 1480 17465
[TEST ] 65 ----------------
Starting training
[TRAIN] Epoch 66 Loss 0.3292
7370 12064 1672 17273
[TEST ] 66 ----------------
Starting training
[TRAIN] Epoch 67 Loss 0.5379
7012 12422 1578 17367
[TEST ] 67 ----------------
Starting training
[TRAIN] Epoch 68 Loss 0.4245
6370 13064 1407 17538
[TEST ] 68 ----------------
Starting training
[TRAIN] Epoch 69 Loss 0.1285
6202 13232 1381 17564
[TEST ] 69 ----------------
Starting training
[TRAIN] Epoch 70 Loss 0.2763
6620 12814 1482 17463
[TEST ] 70 ----------------
Starting training
[TRAIN] Epoch 71 Loss 0.3188
6476 12958 1446 17499
[TEST ] 71 ----------------
Starting training
[TRAIN] Epoch 72 Loss 0.1572
5612 13822 1220 17725
[TEST ] 72 ----------------
Starting training
[TRAIN] Epoch 73 Loss 0.3420
4997 14437 1022 17923
[TEST ] 73 ----------------
Starting training
[TRAIN] Epoch 74 Loss 0.3146
5796 13638 1296 17649
[TEST ] 74 ----------------
Starting training
[TRAIN] Epoch 75 Loss 0.5651
6431 13003 1439 17506
[TEST ] 75 ----------------
Starting training
[TRAIN] Epoch 76 Loss 0.0522
6044 13390 1277 17668
[TEST ] 76 ----------------
Starting training
[TRAIN] Epoch 77 Loss 0.7047
6238 13196 1365 17580
[TEST ] 77 ----------------
Starting training
[TRAIN] Epoch 78 Loss 0.2742
6516 12918 1419 17526
[TEST ] 78 ----------------
Starting training
[TRAIN] Epoch 79 Loss 0.2564
5647 13787 1175 17770
[TEST ] 79 ----------------
Starting training
[TRAIN] Epoch 80 Loss 0.2311
7400 12034 1726 17219
[TEST ] 80 ----------------
Starting training
[TRAIN] Epoch 81 Loss 0.0854
5671 13763 1220 17725
[TEST ] 81 ----------------
Starting training
[TRAIN] Epoch 82 Loss 0.2885
5290 14144 1138 17807
[TEST ] 82 ----------------
Starting training
[TRAIN] Epoch 83 Loss 0.0690
5510 13924 1152 17793
[TEST ] 83 ----------------
Starting training
[TRAIN] Epoch 84 Loss 0.5322
5684 13750 1182 17763
[TEST ] 84 ----------------
Starting training
[TRAIN] Epoch 85 Loss 0.2081
6345 13089 1382 17563
[TEST ] 85 ----------------
Starting training
[TRAIN] Epoch 86 Loss 0.7125
5797 13637 1240 17705
[TEST ] 86 ----------------
Starting training
[TRAIN] Epoch 87 Loss 0.1969
5814 13620 1212 17733
[TEST ] 87 ----------------
Starting training
[TRAIN] Epoch 88 Loss 0.3422
6004 13430 1299 17646
[TEST ] 88 ----------------
Starting training
[TRAIN] Epoch 89 Loss 0.3932
6258 13176 1408 17537
[TEST ] 89 ----------------
Starting training
[TRAIN] Epoch 90 Loss 0.1806
5917 13517 1279 17666
[TEST ] 90 ----------------
Starting training
[TRAIN] Epoch 91 Loss 0.0574
6421 13013 1467 17478
[TEST ] 91 ----------------
Starting training
[TRAIN] Epoch 92 Loss 0.4366
5653 13781 1220 17725
[TEST ] 92 ----------------
Starting training
[TRAIN] Epoch 93 Loss 0.1257
5193 14241 1088 17857
[TEST ] 93 ----------------
Starting training
[TRAIN] Epoch 94 Loss 0.0101
5758 13676 1250 17695
[TEST ] 94 ----------------
Starting training
[TRAIN] Epoch 95 Loss 0.3279
6402 13032 1432 17513
[TEST ] 95 ----------------
Starting training
[TRAIN] Epoch 96 Loss 0.7281
6855 12579 1556 17389
[TEST ] 96 ----------------
Starting training
[TRAIN] Epoch 97 Loss 0.6186
5800 13634 1292 17653
[TEST ] 97 ----------------
Starting training
[TRAIN] Epoch 98 Loss 0.2534
6299 13135 1382 17563
[TEST ] 98 ----------------
Starting training
[TRAIN] Epoch 99 Loss 0.3312
4662 14772 962 17983
[TEST ] 99 ----------------
Starting training
[TRAIN] Epoch 100 Loss 0.1613
5427 14007 1109 17836
[TEST ] 100 ----------------
Starting training
[TRAIN] Epoch 101 Loss 0.2272
5941 13493 1294 17651
[TEST ] 101 ----------------
Starting training
[TRAIN] Epoch 102 Loss 0.1293
6023 13411 1283 17662
[TEST ] 102 ----------------
Starting training
[TRAIN] Epoch 103 Loss 0.7736
4147 15287 809 18136
[TEST ] 103 ----------------
Starting training
[TRAIN] Epoch 104 Loss 0.4390
5940 13494 1275 17670
[TEST ] 104 ----------------
Starting training
[TRAIN] Epoch 105 Loss 0.0448
5241 14193 1125 17820
[TEST ] 105 ----------------
Starting training
[TRAIN] Epoch 106 Loss 0.7469
4094 15340 798 18147
[TEST ] 106 ----------------
Starting training
[TRAIN] Epoch 107 Loss 0.1123
5430 14004 1132 17813
[TEST ] 107 ----------------
Starting training
[TRAIN] Epoch 108 Loss 0.5159
5761 13673 1228 17717
[TEST ] 108 ----------------
Starting training
[TRAIN] Epoch 109 Loss 0.1763
5023 14411 1076 17869
[TEST ] 109 ----------------
Starting training
[TRAIN] Epoch 110 Loss 0.0363
4792 14642 1002 17943
[TEST ] 110 ----------------
Starting training
[TRAIN] Epoch 111 Loss 0.1893
5868 13566 1238 17707
[TEST ] 111 ----------------
Starting training
[TRAIN] Epoch 112 Loss 0.4541
5707 13727 1201 17744
[TEST ] 112 ----------------
Starting training
[TRAIN] Epoch 113 Loss 0.2406
5424 14010 1110 17835
[TEST ] 113 ----------------
Starting training
[TRAIN] Epoch 114 Loss 0.5095
4975 14459 1019 17926
[TEST ] 114 ----------------
Starting training
[TRAIN] Epoch 115 Loss 0.3524
5769 13665 1219 17726
[TEST ] 115 ----------------
Starting training
[TRAIN] Epoch 116 Loss 0.2829
4915 14519 981 17964
[TEST ] 116 ----------------
Starting training
[TRAIN] Epoch 117 Loss 0.6523
5079 14355 1049 17896
[TEST ] 117 ----------------
Starting training
[TRAIN] Epoch 118 Loss 0.0948
5654 13780 1222 17723
[TEST ] 118 ----------------
Starting training
[TRAIN] Epoch 119 Loss 0.1192
5290 14144 1118 17827
[TEST ] 119 ----------------
Starting training
[TRAIN] Epoch 120 Loss 0.3022
5232 14202 1092 17853
[TEST ] 120 ----------------
Starting training
[TRAIN] Epoch 121 Loss 0.2368
4628 14806 935 18010
[TEST ] 121 ----------------
Starting training
[TRAIN] Epoch 122 Loss 0.2748
5876 13558 1295 17650
[TEST ] 122 ----------------
Starting training
[TRAIN] Epoch 123 Loss 0.3199
5568 13866 1206 17739
[TEST ] 123 ----------------
Starting training
[TRAIN] Epoch 124 Loss 0.4417
4847 14587 989 17956
[TEST ] 124 ----------------
Starting training
[TRAIN] Epoch 125 Loss 0.1821
5772 13662 1254 17691
[TEST ] 125 ----------------
Starting training
[TRAIN] Epoch 126 Loss 0.2024
5571 13863 1190 17755
[TEST ] 126 ----------------
Starting training
[TRAIN] Epoch 127 Loss 0.5052
5401 14033 1133 17812
[TEST ] 127 ----------------
Starting training
[TRAIN] Epoch 128 Loss 0.2004
5179 14255 1086 17859
[TEST ] 128 ----------------
Starting training
[TRAIN] Epoch 129 Loss 0.1987
5202 14232 1114 17831
[TEST ] 129 ----------------
Starting training
[TRAIN] Epoch 130 Loss 0.0206
5446 13988 1137 17808
[TEST ] 130 ----------------
Starting training
[TRAIN] Epoch 131 Loss 0.0435
4986 14448 1024 17921
[TEST ] 131 ----------------
Starting training
[TRAIN] Epoch 132 Loss 0.0451
4927 14507 1012 17933
[TEST ] 132 ----------------
Starting training
[TRAIN] Epoch 133 Loss 0.1039
5396 14038 1155 17790
[TEST ] 133 ----------------
Starting training
[TRAIN] Epoch 134 Loss 0.0524
5804 13630 1290 17655
[TEST ] 134 ----------------
Starting training
[TRAIN] Epoch 135 Loss 0.4493
4838 14596 974 17971
[TEST ] 135 ----------------
Starting training
[TRAIN] Epoch 136 Loss 0.0336
5274 14160 1131 17814
[TEST ] 136 ----------------
Starting training
[TRAIN] Epoch 137 Loss 0.7771
5612 13822 1220 17725
[TEST ] 137 ----------------
Starting training
[TRAIN] Epoch 138 Loss 0.5054
5416 14018 1145 17800
[TEST ] 138 ----------------
Starting training
[TRAIN] Epoch 139 Loss 0.0656
6502 12932 1460 17485
[TEST ] 139 ----------------
Starting training
[TRAIN] Epoch 140 Loss 0.6460
6028 13406 1334 17611
[TEST ] 140 ----------------
Starting training
[TRAIN] Epoch 141 Loss 0.4747
5384 14050 1142 17803
[TEST ] 141 ----------------
Starting training
[TRAIN] Epoch 142 Loss 0.1607
5486 13948 1157 17788
[TEST ] 142 ----------------
Starting training
[TRAIN] Epoch 143 Loss 0.1887
5075 14359 1071 17874
[TEST ] 143 ----------------
Starting training
[TRAIN] Epoch 144 Loss 0.5057
5627 13807 1212 17733
[TEST ] 144 ----------------
Starting training
[TRAIN] Epoch 145 Loss 0.0524
4715 14719 961 17984
[TEST ] 145 ----------------
Starting training
[TRAIN] Epoch 146 Loss 0.1198
4919 14515 1045 17900
[TEST ] 146 ----------------
Starting training
[TRAIN] Epoch 147 Loss 0.0943
5464 13970 1140 17805
[TEST ] 147 ----------------
Starting training
[TRAIN] Epoch 148 Loss 0.2559
5002 14432 1055 17890
[TEST ] 148 ----------------
Starting training
[TRAIN] Epoch 149 Loss 0.1571
4217 15217 811 18134
[TEST ] 149 ----------------
Starting training
[TRAIN] Epoch 150 Loss 0.4123
5271 14163 1062 17883
[TEST ] 150 ----------------
Starting training
[TRAIN] Epoch 151 Loss 0.4928
5331 14103 1150 17795
[TEST ] 151 ----------------
Starting training
[TRAIN] Epoch 152 Loss 0.1045
4829 14605 1022 17923
[TEST ] 152 ----------------
Starting training
[TRAIN] Epoch 153 Loss 0.2442
4764 14670 992 17953
[TEST ] 153 ----------------
Starting training
[TRAIN] Epoch 154 Loss 0.9604
4387 15047 874 18071
[TEST ] 154 ----------------
Starting training
[TRAIN] Epoch 155 Loss 0.1555
5279 14155 1118 17827
[TEST ] 155 ----------------
Starting training
[TRAIN] Epoch 156 Loss 0.4338
4596 14838 952 17993
[TEST ] 156 ----------------
Starting training
[TRAIN] Epoch 157 Loss 0.8011
3883 15551 784 18161
[TEST ] 157 ----------------
Starting training
[TRAIN] Epoch 158 Loss 0.1143
4889 14545 1041 17904
[TEST ] 158 ----------------
Starting training
[TRAIN] Epoch 159 Loss 0.0769
4911 14523 1029 17916
[TEST ] 159 ----------------
Starting training
[TRAIN] Epoch 160 Loss 0.2274
5252 14182 1100 17845
[TEST ] 160 ----------------
Starting training
[TRAIN] Epoch 161 Loss 0.1192
5161 14273 1057 17888
[TEST ] 161 ----------------
Starting training
[TRAIN] Epoch 162 Loss 1.0849
4798 14636 986 17959
[TEST ] 162 ----------------
Starting training
[TRAIN] Epoch 163 Loss 0.3657
5629 13805 1248 17697
[TEST ] 163 ----------------
Starting training
[TRAIN] Epoch 164 Loss 0.5324
5105 14329 1108 17837
[TEST ] 164 ----------------
Starting training
[TRAIN] Epoch 165 Loss 0.0759
4915 14519 1029 17916
[TEST ] 165 ----------------
Starting training
[TRAIN] Epoch 166 Loss 0.2124
4596 14838 932 18013
[TEST ] 166 ----------------
Starting training
[TRAIN] Epoch 167 Loss 0.2762
4586 14848 946 17999
[TEST ] 167 ----------------
Starting training
[TRAIN] Epoch 168 Loss 0.8267
4444 14990 909 18036
[TEST ] 168 ----------------
Starting training
[TRAIN] Epoch 169 Loss 0.0362
5235 14199 1118 17827
[TEST ] 169 ----------------
Starting training
[TRAIN] Epoch 170 Loss 0.2468
4433 15001 912 18033
[TEST ] 170 ----------------
Starting training
[TRAIN] Epoch 171 Loss 0.4580
4419 15015 907 18038
[TEST ] 171 ----------------
Starting training
[TRAIN] Epoch 172 Loss 0.2686
4314 15120 878 18067
[TEST ] 172 ----------------
Starting training
[TRAIN] Epoch 173 Loss 0.1567
5271 14163 1133 17812
[TEST ] 173 ----------------
Starting training
[TRAIN] Epoch 174 Loss 0.0204
5398 14036 1173 17772
[TEST ] 174 ----------------
Starting training
[TRAIN] Epoch 175 Loss 0.4382
5632 13802 1251 17694
[TEST ] 175 ----------------
Starting training
[TRAIN] Epoch 176 Loss 0.0551
5215 14219 1084 17861
[TEST ] 176 ----------------
Starting training
[TRAIN] Epoch 177 Loss 0.3042
5566 13868 1236 17709
[TEST ] 177 ----------------
Starting training
[TRAIN] Epoch 178 Loss 0.2760
4687 14747 924 18021
[TEST ] 178 ----------------
Starting training
[TRAIN] Epoch 179 Loss 0.0559
4260 15174 833 18112
[TEST ] 179 ----------------
Starting training
[TRAIN] Epoch 180 Loss 0.0765
4889 14545 948 17997
[TEST ] 180 ----------------
Starting training
[TRAIN] Epoch 181 Loss 0.1478
4544 14890 887 18058
[TEST ] 181 ----------------
Starting training
[TRAIN] Epoch 182 Loss 0.3652
4819 14615 991 17954
[TEST ] 182 ----------------
Starting training
[TRAIN] Epoch 183 Loss 0.0376
5288 14146 1095 17850
[TEST ] 183 ----------------
Starting training
[TRAIN] Epoch 184 Loss 0.0602
4456 14978 856 18089
[TEST ] 184 ----------------
Starting training
[TRAIN] Epoch 185 Loss 0.4220
4834 14600 990 17955
[TEST ] 185 ----------------
Starting training
[TRAIN] Epoch 186 Loss 0.4060
4368 15066 907 18038
[TEST ] 186 ----------------
Starting training
[TRAIN] Epoch 187 Loss 0.3403
4190 15244 822 18123
[TEST ] 187 ----------------
Starting training
[TRAIN] Epoch 188 Loss 0.1739
4692 14742 977 17968
[TEST ] 188 ----------------
Starting training
[TRAIN] Epoch 189 Loss 0.5377
5008 14426 1044 17901
[TEST ] 189 ----------------
Starting training
[TRAIN] Epoch 190 Loss 0.2148
5048 14386 1069 17876
[TEST ] 190 ----------------
Starting training
[TRAIN] Epoch 191 Loss 0.4857
5153 14281 1025 17920
[TEST ] 191 ----------------
Starting training
[TRAIN] Epoch 192 Loss 0.4665
4507 14927 899 18046
[TEST ] 192 ----------------
Starting training
[TRAIN] Epoch 193 Loss 0.3025
5259 14175 1132 17813
[TEST ] 193 ----------------
Starting training
[TRAIN] Epoch 194 Loss 0.1132
4443 14991 922 18023
[TEST ] 194 ----------------
Starting training
[TRAIN] Epoch 195 Loss 0.0295
4082 15352 817 18128
[TEST ] 195 ----------------
Starting training
[TRAIN] Epoch 196 Loss 0.1653
4031 15403 814 18131
[TEST ] 196 ----------------
Starting training
[TRAIN] Epoch 197 Loss 0.2456
5083 14351 1091 17854
[TEST ] 197 ----------------
Starting training
[TRAIN] Epoch 198 Loss 0.1786
4685 14749 984 17961
[TEST ] 198 ----------------
Starting training
[TRAIN] Epoch 199 Loss 0.3578
4548 14886 946 17999
[TEST ] 199 ----------------
Starting training
[TRAIN] Epoch 200 Loss 0.1111
4774 14660 981 17964
[TEST ] 200 ----------------
tcr_split
84m 55s
[TEST ] 200 ----------------
4774 14660 981 17964
accuracy   0.5925
auc        0.7882
f1macro    0.5379
f1micro    0.5925
loss       278694.2430
precision0 0.8295
precision1 0.5506
recall0    0.2457
recall1    0.9482


EPI split modified train data
[INDEP] {} ----------------
6518 34360 3053 37825
accuracy   0.5424
auc        0.6743
f1macro    0.4637
f1micro    0.5424
loss       217909.2724
precision0 0.6810
precision1 0.5240
recall0    0.1595
recall1    0.9253

TCR split unmodified train data
[INDEP] {} ----------------
5797 18279 1250 22716
accuracy   0.5935
auc        0.7797
f1macro    0.5359
f1micro    0.5935
loss       346060.5918
precision0 0.8226
precision1 0.5541
recall0    0.2408
recall1    0.9478

EPI split unmodified eval data
[INDEP] {} ----------------
0 0 6139 45787
accuracy   0.8818
auc        -1.0000
f1macro    0.4686
f1micro    0.8818
loss       26638.5143
precision0 0.0000
precision1 1.0000
recall0    0.0000
recall1    0.8818

EPI split modified eval data
[INDEP] {} ----------------
0 0 9218 42708
accuracy   0.8225
auc        -1.0000
f1macro    0.4513
f1micro    0.8225
loss       24447.8130
precision0 0.0000
precision1 1.0000
recall0    0.0000
recall1    0.8225

TCR split unmodified eval data
[INDEP] {} ----------------
0 0 8796 51281
accuracy   0.8536
auc        -1.0000
f1macro    0.4605
f1micro    0.8536
loss       40249.3573
precision0 0.0000
precision1 1.0000
recall0    0.0000
recall1    0.8536

