
=====================================================================
This module is intended solely for building or source activating user
python environments, i.e.,

    mamba create -n myenv -c conda-forge

or

    source activate myenv

To list available environments, run:

    mamba info --envs

See our docs: https://links.asu.edu/solpy

Any other use is NOT TESTED.
=====================================================================

  
Starting training
[TRAIN] Epoch 1 Loss 0.5303
13531 2956 7353 9427
[TEST ] 1 ----------------
Starting training
[TRAIN] Epoch 2 Loss 0.3993
13648 2839 6952 9828
[TEST ] 2 ----------------
Starting training
[TRAIN] Epoch 3 Loss 0.6076
11803 4684 5019 11761
[TEST ] 3 ----------------
Starting training
[TRAIN] Epoch 4 Loss 0.4545
11769 4718 4720 12060
[TEST ] 4 ----------------
Starting training
[TRAIN] Epoch 5 Loss 0.7834
12138 4349 4974 11806
[TEST ] 5 ----------------
Starting training
[TRAIN] Epoch 6 Loss 0.5529
13196 3291 5893 10887
[TEST ] 6 ----------------
Starting training
[TRAIN] Epoch 7 Loss 0.3825
11111 5376 3901 12879
[TEST ] 7 ----------------
Starting training
[TRAIN] Epoch 8 Loss 0.4335
12667 3820 5108 11672
[TEST ] 8 ----------------
Starting training
[TRAIN] Epoch 9 Loss 0.6795
12041 4446 4590 12190
[TEST ] 9 ----------------
Starting training
[TRAIN] Epoch 10 Loss 0.5780
11834 4653 4252 12528
[TEST ] 10 ----------------
Starting training
[TRAIN] Epoch 11 Loss 0.5693
11935 4552 4442 12338
[TEST ] 11 ----------------
Starting training
[TRAIN] Epoch 12 Loss 0.3836
11454 5033 4030 12750
[TEST ] 12 ----------------
Starting training
[TRAIN] Epoch 13 Loss 0.4900
10271 6216 3133 13647
[TEST ] 13 ----------------
Starting training
[TRAIN] Epoch 14 Loss 0.6504
10879 5608 3431 13349
[TEST ] 14 ----------------
Starting training
[TRAIN] Epoch 15 Loss 0.3188
10292 6195 3219 13561
[TEST ] 15 ----------------
Starting training
[TRAIN] Epoch 16 Loss 0.2081
9940 6547 2852 13928
[TEST ] 16 ----------------
Starting training
[TRAIN] Epoch 17 Loss 0.4360
9628 6859 2675 14105
[TEST ] 17 ----------------
Starting training
[TRAIN] Epoch 18 Loss 0.1820
9594 6893 2652 14128
[TEST ] 18 ----------------
Starting training
[TRAIN] Epoch 19 Loss 0.5983
9309 7178 2498 14282
[TEST ] 19 ----------------
Starting training
[TRAIN] Epoch 20 Loss 0.6320
8995 7492 2364 14416
[TEST ] 20 ----------------
Starting training
[TRAIN] Epoch 21 Loss 0.3364
8861 7626 2261 14519
[TEST ] 21 ----------------
Starting training
[TRAIN] Epoch 22 Loss 0.4679
8073 8414 1942 14838
[TEST ] 22 ----------------
Starting training
[TRAIN] Epoch 23 Loss 0.5734
9095 7392 2431 14349
[TEST ] 23 ----------------
Starting training
[TRAIN] Epoch 24 Loss 0.4966
8799 7688 2247 14533
[TEST ] 24 ----------------
Starting training
[TRAIN] Epoch 25 Loss 0.5941
7985 8502 1976 14804
[TEST ] 25 ----------------
Starting training
[TRAIN] Epoch 26 Loss 0.3286
7828 8659 1862 14918
[TEST ] 26 ----------------
Starting training
[TRAIN] Epoch 27 Loss 0.3384
7951 8536 1911 14869
[TEST ] 27 ----------------
Starting training
[TRAIN] Epoch 28 Loss 0.5877
7780 8707 1824 14956
[TEST ] 28 ----------------
Starting training
[TRAIN] Epoch 29 Loss 0.5849
8021 8466 1885 14895
[TEST ] 29 ----------------
Starting training
[TRAIN] Epoch 30 Loss 0.2691
6832 9655 1456 15324
[TEST ] 30 ----------------
Starting training
[TRAIN] Epoch 31 Loss 0.0564
7896 8591 1818 14962
[TEST ] 31 ----------------
Starting training
[TRAIN] Epoch 32 Loss 0.5208
7611 8876 1738 15042
[TEST ] 32 ----------------
Starting training
[TRAIN] Epoch 33 Loss 0.4039
8941 7546 2283 14497
[TEST ] 33 ----------------
Starting training
[TRAIN] Epoch 34 Loss 0.3355
7973 8514 1865 14915
[TEST ] 34 ----------------
Starting training
[TRAIN] Epoch 35 Loss 1.3197
8673 7814 2164 14616
[TEST ] 35 ----------------
Starting training
[TRAIN] Epoch 36 Loss 0.6852
6301 10186 1254 15526
[TEST ] 36 ----------------
Starting training
[TRAIN] Epoch 37 Loss 0.3042
6760 9727 1425 15355
[TEST ] 37 ----------------
Starting training
[TRAIN] Epoch 38 Loss 0.4495
7150 9337 1545 15235
[TEST ] 38 ----------------
Starting training
[TRAIN] Epoch 39 Loss 0.6886
6033 10454 1174 15606
[TEST ] 39 ----------------
Starting training
[TRAIN] Epoch 40 Loss 0.3987
7062 9425 1538 15242
[TEST ] 40 ----------------
Starting training
[TRAIN] Epoch 41 Loss 0.1488
6729 9758 1445 15335
[TEST ] 41 ----------------
Starting training
[TRAIN] Epoch 42 Loss 0.1305
6955 9532 1464 15316
[TEST ] 42 ----------------
Starting training
[TRAIN] Epoch 43 Loss 0.2094
7449 9038 1697 15083
[TEST ] 43 ----------------
Starting training
[TRAIN] Epoch 44 Loss 0.8719
5244 11243 963 15817
[TEST ] 44 ----------------
Starting training
[TRAIN] Epoch 45 Loss 0.3428
7383 9104 1645 15135
[TEST ] 45 ----------------
Starting training
[TRAIN] Epoch 46 Loss 0.1392
5761 10726 1100 15680
[TEST ] 46 ----------------
Starting training
[TRAIN] Epoch 47 Loss 0.6318
4935 11552 853 15927
[TEST ] 47 ----------------
Starting training
[TRAIN] Epoch 48 Loss 0.4851
6514 9973 1326 15454
[TEST ] 48 ----------------
Starting training
[TRAIN] Epoch 49 Loss 0.3701
5910 10577 1146 15634
[TEST ] 49 ----------------
Starting training
[TRAIN] Epoch 50 Loss 0.0375
6771 9716 1415 15365
[TEST ] 50 ----------------
Starting training
[TRAIN] Epoch 51 Loss 0.2059
6781 9706 1393 15387
[TEST ] 51 ----------------
Starting training
[TRAIN] Epoch 52 Loss 0.1733
6231 10256 1267 15513
[TEST ] 52 ----------------
Starting training
[TRAIN] Epoch 53 Loss 0.4421
6177 10310 1205 15575
[TEST ] 53 ----------------
Starting training
[TRAIN] Epoch 54 Loss 0.0546
5276 11211 962 15818
[TEST ] 54 ----------------
Starting training
[TRAIN] Epoch 55 Loss 0.2310
6140 10347 1208 15572
[TEST ] 55 ----------------
Starting training
[TRAIN] Epoch 56 Loss 0.1347
6236 10251 1301 15479
[TEST ] 56 ----------------
Starting training
[TRAIN] Epoch 57 Loss 0.1506
5865 10622 1148 15632
[TEST ] 57 ----------------
Starting training
[TRAIN] Epoch 58 Loss 0.7122
5861 10626 1148 15632
[TEST ] 58 ----------------
Starting training
[TRAIN] Epoch 59 Loss 0.1666
5617 10870 1090 15690
[TEST ] 59 ----------------
Starting training
[TRAIN] Epoch 60 Loss 0.9615
5904 10583 1139 15641
[TEST ] 60 ----------------
Starting training
[TRAIN] Epoch 61 Loss 0.8161
5591 10896 1045 15735
[TEST ] 61 ----------------
Starting training
[TRAIN] Epoch 62 Loss 0.2765
5028 11459 921 15859
[TEST ] 62 ----------------
Starting training
[TRAIN] Epoch 63 Loss 0.9100
5855 10632 1133 15647
[TEST ] 63 ----------------
Starting training
[TRAIN] Epoch 64 Loss 0.6938
5909 10578 1142 15638
[TEST ] 64 ----------------
Starting training
[TRAIN] Epoch 65 Loss 0.0509
5545 10942 1067 15713
[TEST ] 65 ----------------
Starting training
[TRAIN] Epoch 66 Loss 0.1729
5124 11363 921 15859
[TEST ] 66 ----------------
Starting training
[TRAIN] Epoch 67 Loss 0.1681
5518 10969 1022 15758
[TEST ] 67 ----------------
Starting training
[TRAIN] Epoch 68 Loss 0.1044
4857 11630 861 15919
[TEST ] 68 ----------------
Starting training
[TRAIN] Epoch 69 Loss 0.1213
5541 10946 1010 15770
[TEST ] 69 ----------------
Starting training
[TRAIN] Epoch 70 Loss 0.2733
5021 11466 892 15888
[TEST ] 70 ----------------
Starting training
[TRAIN] Epoch 71 Loss 0.0879
5603 10884 1052 15728
[TEST ] 71 ----------------
Starting training
[TRAIN] Epoch 72 Loss 0.5798
4885 11602 852 15928
[TEST ] 72 ----------------
Starting training
[TRAIN] Epoch 73 Loss 0.2560
5314 11173 964 15816
[TEST ] 73 ----------------
Starting training
[TRAIN] Epoch 74 Loss 0.7820
5085 11402 938 15842
[TEST ] 74 ----------------
Starting training
[TRAIN] Epoch 75 Loss 0.4872
5380 11107 989 15791
[TEST ] 75 ----------------
Starting training
[TRAIN] Epoch 76 Loss 0.5156
4847 11640 887 15893
[TEST ] 76 ----------------
Starting training
[TRAIN] Epoch 77 Loss 0.1020
5087 11400 907 15873
[TEST ] 77 ----------------
Starting training
[TRAIN] Epoch 78 Loss 0.9616
5240 11247 975 15805
[TEST ] 78 ----------------
Starting training
[TRAIN] Epoch 79 Loss 0.0985
4311 12176 697 16083
[TEST ] 79 ----------------
Starting training
[TRAIN] Epoch 80 Loss 0.6950
4576 11911 791 15989
[TEST ] 80 ----------------
Starting training
[TRAIN] Epoch 81 Loss 0.7092
4659 11828 804 15976
[TEST ] 81 ----------------
Starting training
[TRAIN] Epoch 82 Loss 1.3514
4446 12041 758 16022
[TEST ] 82 ----------------
Starting training
[TRAIN] Epoch 83 Loss 1.0841
4836 11651 868 15912
[TEST ] 83 ----------------
Starting training
[TRAIN] Epoch 84 Loss 0.5051
5273 11214 954 15826
[TEST ] 84 ----------------
Starting training
[TRAIN] Epoch 85 Loss 0.1175
5017 11470 921 15859
[TEST ] 85 ----------------
Starting training
[TRAIN] Epoch 86 Loss 0.4199
5378 11109 1009 15771
[TEST ] 86 ----------------
Starting training
[TRAIN] Epoch 87 Loss 0.4190
5149 11338 973 15807
[TEST ] 87 ----------------
Starting training
[TRAIN] Epoch 88 Loss 0.3228
4483 12004 776 16004
[TEST ] 88 ----------------
Starting training
[TRAIN] Epoch 89 Loss 0.1978
4193 12294 740 16040
[TEST ] 89 ----------------
Starting training
[TRAIN] Epoch 90 Loss 0.2674
4899 11588 914 15866
[TEST ] 90 ----------------
Starting training
[TRAIN] Epoch 91 Loss 0.8396
4736 11751 873 15907
[TEST ] 91 ----------------
Starting training
[TRAIN] Epoch 92 Loss 0.7023
4403 12084 732 16048
[TEST ] 92 ----------------
Starting training
[TRAIN] Epoch 93 Loss 0.1312
5137 11350 915 15865
[TEST ] 93 ----------------
Starting training
[TRAIN] Epoch 94 Loss 0.1647
5390 11097 982 15798
[TEST ] 94 ----------------
Starting training
[TRAIN] Epoch 95 Loss 0.1794
4500 11987 779 16001
[TEST ] 95 ----------------
Starting training
[TRAIN] Epoch 96 Loss 0.0202
4708 11779 876 15904
[TEST ] 96 ----------------
Starting training
[TRAIN] Epoch 97 Loss 0.0470
4108 12379 713 16067
[TEST ] 97 ----------------
Starting training
[TRAIN] Epoch 98 Loss 0.5136
4796 11691 866 15914
[TEST ] 98 ----------------
Starting training
[TRAIN] Epoch 99 Loss 0.1820
4886 11601 874 15906
[TEST ] 99 ----------------
Starting training
[TRAIN] Epoch 100 Loss 0.1725
4721 11766 853 15927
[TEST ] 100 ----------------
Starting training
[TRAIN] Epoch 101 Loss 0.0804
4208 12279 750 16030
[TEST ] 101 ----------------
Starting training
[TRAIN] Epoch 102 Loss 0.0191
4703 11784 864 15916
[TEST ] 102 ----------------
Starting training
[TRAIN] Epoch 103 Loss 0.0684
4221 12266 710 16070
[TEST ] 103 ----------------
Starting training
[TRAIN] Epoch 104 Loss 0.3110
4470 12017 815 15965
[TEST ] 104 ----------------
Starting training
[TRAIN] Epoch 105 Loss 0.4130
4740 11747 840 15940
[TEST ] 105 ----------------
Starting training
[TRAIN] Epoch 106 Loss 0.0390
4556 11931 786 15994
[TEST ] 106 ----------------
Starting training
[TRAIN] Epoch 107 Loss 0.0774
4294 12193 744 16036
[TEST ] 107 ----------------
Starting training
[TRAIN] Epoch 108 Loss 0.2080
3735 12752 609 16171
[TEST ] 108 ----------------
Starting training
[TRAIN] Epoch 109 Loss 0.0663
4077 12410 692 16088
[TEST ] 109 ----------------
Starting training
[TRAIN] Epoch 110 Loss 0.4802
4781 11706 846 15934
[TEST ] 110 ----------------
Starting training
[TRAIN] Epoch 111 Loss 0.1247
4579 11908 789 15991
[TEST ] 111 ----------------
Starting training
[TRAIN] Epoch 112 Loss 0.8933
4243 12244 731 16049
[TEST ] 112 ----------------
Starting training
[TRAIN] Epoch 113 Loss 0.0746
4046 12441 695 16085
[TEST ] 113 ----------------
Starting training
[TRAIN] Epoch 114 Loss 0.0770
4206 12281 697 16083
[TEST ] 114 ----------------
Starting training
[TRAIN] Epoch 115 Loss 0.7359
3579 12908 587 16193
[TEST ] 115 ----------------
Starting training
[TRAIN] Epoch 116 Loss 0.5124
3959 12528 670 16110
[TEST ] 116 ----------------
Starting training
[TRAIN] Epoch 117 Loss 0.6726
4654 11833 797 15983
[TEST ] 117 ----------------
Starting training
[TRAIN] Epoch 118 Loss 0.0247
4961 11526 921 15859
[TEST ] 118 ----------------
Starting training
[TRAIN] Epoch 119 Loss 0.0231
4394 12093 737 16043
[TEST ] 119 ----------------
Starting training
[TRAIN] Epoch 120 Loss 0.5625
4656 11831 832 15948
[TEST ] 120 ----------------
Starting training
[TRAIN] Epoch 121 Loss 0.1235
4132 12355 706 16074
[TEST ] 121 ----------------
Starting training
[TRAIN] Epoch 122 Loss 0.0395
4150 12337 709 16071
[TEST ] 122 ----------------
Starting training
[TRAIN] Epoch 123 Loss 0.2075
4011 12476 690 16090
[TEST ] 123 ----------------
Starting training
[TRAIN] Epoch 124 Loss 0.5264
4104 12383 703 16077
[TEST ] 124 ----------------
Starting training
[TRAIN] Epoch 125 Loss 0.1053
4609 11878 815 15965
[TEST ] 125 ----------------
Starting training
[TRAIN] Epoch 126 Loss 0.9685
4134 12353 678 16102
[TEST ] 126 ----------------
Starting training
[TRAIN] Epoch 127 Loss 0.5249
4696 11791 829 15951
[TEST ] 127 ----------------
Starting training
[TRAIN] Epoch 128 Loss 0.5354
3760 12727 621 16159
[TEST ] 128 ----------------
Starting training
[TRAIN] Epoch 129 Loss 0.2882
4931 11556 894 15886
[TEST ] 129 ----------------
Starting training
[TRAIN] Epoch 130 Loss 0.2375
4658 11829 825 15955
[TEST ] 130 ----------------
Starting training
[TRAIN] Epoch 131 Loss 0.0568
3648 12839 623 16157
[TEST ] 131 ----------------
Starting training
[TRAIN] Epoch 132 Loss 0.3640
4551 11936 828 15952
[TEST ] 132 ----------------
Starting training
[TRAIN] Epoch 133 Loss 0.4584
4231 12256 734 16046
[TEST ] 133 ----------------
Starting training
[TRAIN] Epoch 134 Loss 0.0172
4734 11753 854 15926
[TEST ] 134 ----------------
Starting training
[TRAIN] Epoch 135 Loss 0.0814
3453 13034 570 16210
[TEST ] 135 ----------------
Starting training
[TRAIN] Epoch 136 Loss 0.3772
4253 12234 780 16000
[TEST ] 136 ----------------
Starting training
[TRAIN] Epoch 137 Loss 0.8243
3558 12929 578 16202
[TEST ] 137 ----------------
Starting training
[TRAIN] Epoch 138 Loss 0.2529
4399 12088 762 16018
[TEST ] 138 ----------------
Starting training
[TRAIN] Epoch 139 Loss 0.0628
3759 12728 644 16136
[TEST ] 139 ----------------
Starting training
[TRAIN] Epoch 140 Loss 0.1144
3743 12744 600 16180
[TEST ] 140 ----------------
Starting training
[TRAIN] Epoch 141 Loss 0.1466
3519 12968 584 16196
[TEST ] 141 ----------------
Starting training
[TRAIN] Epoch 142 Loss 0.2475
4375 12112 789 15991
[TEST ] 142 ----------------
Starting training
[TRAIN] Epoch 143 Loss 0.2911
3769 12718 661 16119
[TEST ] 143 ----------------
Starting training
[TRAIN] Epoch 144 Loss 0.1365
4118 12369 719 16061
[TEST ] 144 ----------------
Starting training
[TRAIN] Epoch 145 Loss 0.0489
4350 12137 775 16005
[TEST ] 145 ----------------
Starting training
[TRAIN] Epoch 146 Loss 0.1364
4189 12298 717 16063
[TEST ] 146 ----------------
Starting training
[TRAIN] Epoch 147 Loss 0.0831
3901 12586 680 16100
[TEST ] 147 ----------------
Starting training
[TRAIN] Epoch 148 Loss 0.7603
3446 13041 571 16209
[TEST ] 148 ----------------
Starting training
[TRAIN] Epoch 149 Loss 0.0091
3325 13162 573 16207
[TEST ] 149 ----------------
Starting training
[TRAIN] Epoch 150 Loss 0.0340
4044 12443 687 16093
[TEST ] 150 ----------------
Starting training
[TRAIN] Epoch 151 Loss 0.3146
3886 12601 696 16084
[TEST ] 151 ----------------
Starting training
[TRAIN] Epoch 152 Loss 0.8518
4257 12230 771 16009
[TEST ] 152 ----------------
Starting training
[TRAIN] Epoch 153 Loss 0.8720
3682 12805 626 16154
[TEST ] 153 ----------------
Starting training
[TRAIN] Epoch 154 Loss 0.0816
3570 12917 617 16163
[TEST ] 154 ----------------
Starting training
[TRAIN] Epoch 155 Loss 0.7241
4603 11884 825 15955
[TEST ] 155 ----------------
Starting training
[TRAIN] Epoch 156 Loss 0.4440
3513 12974 569 16211
[TEST ] 156 ----------------
Starting training
[TRAIN] Epoch 157 Loss 0.2638
3256 13231 529 16251
[TEST ] 157 ----------------
Starting training
[TRAIN] Epoch 158 Loss 0.6645
3823 12664 624 16156
[TEST ] 158 ----------------
Starting training
[TRAIN] Epoch 159 Loss 0.0143
3352 13135 543 16237
[TEST ] 159 ----------------
Starting training
[TRAIN] Epoch 160 Loss 0.0393
4204 12283 751 16029
[TEST ] 160 ----------------
Starting training
[TRAIN] Epoch 161 Loss 0.1617
3361 13126 560 16220
[TEST ] 161 ----------------
Starting training
[TRAIN] Epoch 162 Loss 0.0208
3705 12782 604 16176
[TEST ] 162 ----------------
Starting training
[TRAIN] Epoch 163 Loss 0.1901
3695 12792 599 16181
[TEST ] 163 ----------------
Starting training
[TRAIN] Epoch 164 Loss 0.0867
3382 13105 531 16249
[TEST ] 164 ----------------
Starting training
[TRAIN] Epoch 165 Loss 0.0153
3848 12639 622 16158
[TEST ] 165 ----------------
Starting training
[TRAIN] Epoch 166 Loss 0.0143
3425 13062 559 16221
[TEST ] 166 ----------------
Starting training
[TRAIN] Epoch 167 Loss 0.5103
3965 12522 659 16121
[TEST ] 167 ----------------
Starting training
[TRAIN] Epoch 168 Loss 0.1467
4117 12370 728 16052
[TEST ] 168 ----------------
Starting training
[TRAIN] Epoch 169 Loss 0.1309
4028 12459 690 16090
[TEST ] 169 ----------------
Starting training
[TRAIN] Epoch 170 Loss 0.5434
3757 12730 630 16150
[TEST ] 170 ----------------
Starting training
[TRAIN] Epoch 171 Loss 0.1579
4394 12093 758 16022
[TEST ] 171 ----------------
Starting training
[TRAIN] Epoch 172 Loss 0.1062
3522 12965 580 16200
[TEST ] 172 ----------------
Starting training
[TRAIN] Epoch 173 Loss 0.0596
3609 12878 601 16179
[TEST ] 173 ----------------
Starting training
[TRAIN] Epoch 174 Loss 0.0113
3877 12610 625 16155
[TEST ] 174 ----------------
Starting training
[TRAIN] Epoch 175 Loss 0.0466
3878 12609 671 16109
[TEST ] 175 ----------------
Starting training
[TRAIN] Epoch 176 Loss 0.4279
3032 13455 471 16309
[TEST ] 176 ----------------
Starting training
[TRAIN] Epoch 177 Loss 0.1555
3897 12590 671 16109
[TEST ] 177 ----------------
Starting training
[TRAIN] Epoch 178 Loss 0.3918
3314 13173 551 16229
[TEST ] 178 ----------------
Starting training
[TRAIN] Epoch 179 Loss 0.0091
3837 12650 664 16116
[TEST ] 179 ----------------
Starting training
[TRAIN] Epoch 180 Loss 0.2418
3787 12700 640 16140
[TEST ] 180 ----------------
Starting training
[TRAIN] Epoch 181 Loss 0.1860
3703 12784 611 16169
[TEST ] 181 ----------------
Starting training
[TRAIN] Epoch 182 Loss 0.4342
4893 11594 872 15908
[TEST ] 182 ----------------
Starting training
[TRAIN] Epoch 183 Loss 0.1011
3985 12502 672 16108
[TEST ] 183 ----------------
Starting training
[TRAIN] Epoch 184 Loss 0.6220
4287 12200 755 16025
[TEST ] 184 ----------------
Starting training
[TRAIN] Epoch 185 Loss 0.2940
3431 13056 526 16254
[TEST ] 185 ----------------
Starting training
[TRAIN] Epoch 186 Loss 0.5192
3944 12543 647 16133
[TEST ] 186 ----------------
Starting training
[TRAIN] Epoch 187 Loss 0.7082
3926 12561 677 16103
[TEST ] 187 ----------------
Starting training
[TRAIN] Epoch 188 Loss 0.7570
3720 12767 612 16168
[TEST ] 188 ----------------
Starting training
[TRAIN] Epoch 189 Loss 0.1083
3486 13001 580 16200
[TEST ] 189 ----------------
Starting training
[TRAIN] Epoch 190 Loss 0.3632
3767 12720 632 16148
[TEST ] 190 ----------------
Starting training
[TRAIN] Epoch 191 Loss 0.3940
3273 13214 524 16256
[TEST ] 191 ----------------
Starting training
[TRAIN] Epoch 192 Loss 0.2073
3764 12723 643 16137
[TEST ] 192 ----------------
Starting training
[TRAIN] Epoch 193 Loss 0.0326
3916 12571 664 16116
[TEST ] 193 ----------------
Starting training
[TRAIN] Epoch 194 Loss 0.2624
3988 12499 676 16104
[TEST ] 194 ----------------
Starting training
[TRAIN] Epoch 195 Loss 0.5105
3944 12543 649 16131
[TEST ] 195 ----------------
Starting training
[TRAIN] Epoch 196 Loss 0.4650
3353 13134 536 16244
[TEST ] 196 ----------------
Starting training
[TRAIN] Epoch 197 Loss 0.3762
3458 13029 562 16218
[TEST ] 197 ----------------
Starting training
[TRAIN] Epoch 198 Loss 0.1186
3763 12724 620 16160
[TEST ] 198 ----------------
Starting training
[TRAIN] Epoch 199 Loss 0.0106
3691 12796 594 16186
[TEST ] 199 ----------------
Starting training
[TRAIN] Epoch 200 Loss 0.0238
3684 12803 618 16162
[TEST ] 200 ----------------
epi_eplit
75m 22s
[TEST ] 200 ----------------
3684 12803 618 16162
accuracy   0.5966
auc        0.7987
f1macro    0.5305
f1micro    0.5966
loss       286920.5427
precision0 0.8563
precision1 0.5580
recall0    0.2234
recall1    0.9632

Starting training
[TRAIN] Epoch 1 Loss 0.5873
15607 3827 8367 10578
[TEST ] 1 ----------------
Starting training
[TRAIN] Epoch 2 Loss 0.5405
14289 5145 6582 12363
[TEST ] 2 ----------------
Starting training
[TRAIN] Epoch 3 Loss 0.6240
15596 3838 7595 11350
[TEST ] 3 ----------------
Starting training
[TRAIN] Epoch 4 Loss 0.4464
15375 4059 7199 11746
[TEST ] 4 ----------------
Starting training
[TRAIN] Epoch 5 Loss 0.6090
15314 4120 6842 12103
[TEST ] 5 ----------------
Starting training
[TRAIN] Epoch 6 Loss 0.7178
14691 4743 6355 12590
[TEST ] 6 ----------------
Starting training
[TRAIN] Epoch 7 Loss 0.6316
14586 4848 6146 12799
[TEST ] 7 ----------------
Starting training
[TRAIN] Epoch 8 Loss 0.7324
14056 5378 5507 13438
[TEST ] 8 ----------------
Starting training
[TRAIN] Epoch 9 Loss 0.4483
14400 5034 5691 13254
[TEST ] 9 ----------------
Starting training
[TRAIN] Epoch 10 Loss 0.6292
12416 7018 4212 14733
[TEST ] 10 ----------------
Starting training
[TRAIN] Epoch 11 Loss 0.4277
13495 5939 5033 13912
[TEST ] 11 ----------------
Starting training
[TRAIN] Epoch 12 Loss 0.2903
13761 5673 4934 14011
[TEST ] 12 ----------------
Starting training
[TRAIN] Epoch 13 Loss 0.6179
11621 7813 3583 15362
[TEST ] 13 ----------------
Starting training
[TRAIN] Epoch 14 Loss 0.7738
12218 7216 4050 14895
[TEST ] 14 ----------------
Starting training
[TRAIN] Epoch 15 Loss 0.6197
12806 6628 4397 14548
[TEST ] 15 ----------------
Starting training
[TRAIN] Epoch 16 Loss 0.5622
11965 7469 3764 15181
[TEST ] 16 ----------------
Starting training
[TRAIN] Epoch 17 Loss 0.3994
11786 7648 3624 15321
[TEST ] 17 ----------------
Starting training
[TRAIN] Epoch 18 Loss 0.3024
10899 8535 3209 15736
[TEST ] 18 ----------------
Starting training
[TRAIN] Epoch 19 Loss 0.3794
10785 8649 3132 15813
[TEST ] 19 ----------------
Starting training
[TRAIN] Epoch 20 Loss 0.4704
10113 9321 2788 16157
[TEST ] 20 ----------------
Starting training
[TRAIN] Epoch 21 Loss 0.2641
9774 9660 2644 16301
[TEST ] 21 ----------------
Starting training
[TRAIN] Epoch 22 Loss 0.3116
9005 10429 2279 16666
[TEST ] 22 ----------------
Starting training
[TRAIN] Epoch 23 Loss 0.5764
11356 8078 3328 15617
[TEST ] 23 ----------------
Starting training
[TRAIN] Epoch 24 Loss 0.1638
8943 10491 2247 16698
[TEST ] 24 ----------------
Starting training
[TRAIN] Epoch 25 Loss 0.2520
9697 9737 2607 16338
[TEST ] 25 ----------------
Starting training
[TRAIN] Epoch 26 Loss 0.3375
9209 10225 2335 16610
[TEST ] 26 ----------------
Starting training
[TRAIN] Epoch 27 Loss 1.1030
9248 10186 2398 16547
[TEST ] 27 ----------------
Starting training
[TRAIN] Epoch 28 Loss 0.3376
9971 9463 2692 16253
[TEST ] 28 ----------------
Starting training
[TRAIN] Epoch 29 Loss 0.4001
8663 10771 2131 16814
[TEST ] 29 ----------------
Starting training
[TRAIN] Epoch 30 Loss 0.5890
9693 9741 2670 16275
[TEST ] 30 ----------------
Starting training
[TRAIN] Epoch 31 Loss 0.2560
8721 10713 2135 16810
[TEST ] 31 ----------------
Starting training
[TRAIN] Epoch 32 Loss 0.3711
8849 10585 2229 16716
[TEST ] 32 ----------------
Starting training
[TRAIN] Epoch 33 Loss 0.1314
8813 10621 2199 16746
[TEST ] 33 ----------------
Starting training
[TRAIN] Epoch 34 Loss 0.2264
9148 10286 2350 16595
[TEST ] 34 ----------------
Starting training
[TRAIN] Epoch 35 Loss 0.1192
7871 11563 1853 17092
[TEST ] 35 ----------------
Starting training
[TRAIN] Epoch 36 Loss 0.4944
8390 11044 2055 16890
[TEST ] 36 ----------------
Starting training
[TRAIN] Epoch 37 Loss 0.2709
7451 11983 1704 17241
[TEST ] 37 ----------------
Starting training
[TRAIN] Epoch 38 Loss 0.2157
8402 11032 2009 16936
[TEST ] 38 ----------------
Starting training
[TRAIN] Epoch 39 Loss 0.2567
7521 11913 1756 17189
[TEST ] 39 ----------------
Starting training
[TRAIN] Epoch 40 Loss 0.3129
8493 10941 2114 16831
[TEST ] 40 ----------------
Starting training
[TRAIN] Epoch 41 Loss 0.3396
8593 10841 2112 16833
[TEST ] 41 ----------------
Starting training
[TRAIN] Epoch 42 Loss 0.2176
8176 11258 1936 17009
[TEST ] 42 ----------------
Starting training
[TRAIN] Epoch 43 Loss 0.2470
7920 11514 1902 17043
[TEST ] 43 ----------------
Starting training
[TRAIN] Epoch 44 Loss 0.2122
7072 12362 1600 17345
[TEST ] 44 ----------------
Starting training
[TRAIN] Epoch 45 Loss 0.3463
8233 11201 1968 16977
[TEST ] 45 ----------------
Starting training
[TRAIN] Epoch 46 Loss 1.1028
7352 12082 1740 17205
[TEST ] 46 ----------------
Starting training
[TRAIN] Epoch 47 Loss 0.3145
6564 12870 1423 17522
[TEST ] 47 ----------------
Starting training
[TRAIN] Epoch 48 Loss 0.4590
7397 12037 1644 17301
[TEST ] 48 ----------------
Starting training
[TRAIN] Epoch 49 Loss 0.2641
7460 11974 1711 17234
[TEST ] 49 ----------------
Starting training
[TRAIN] Epoch 50 Loss 0.2002
6987 12447 1539 17406
[TEST ] 50 ----------------
Starting training
[TRAIN] Epoch 51 Loss 0.5329
7488 11946 1697 17248
[TEST ] 51 ----------------
Starting training
[TRAIN] Epoch 52 Loss 0.3782
7986 11448 1866 17079
[TEST ] 52 ----------------
Starting training
[TRAIN] Epoch 53 Loss 0.2720
6744 12690 1477 17468
[TEST ] 53 ----------------
Starting training
[TRAIN] Epoch 54 Loss 0.4402
6096 13338 1301 17644
[TEST ] 54 ----------------
Starting training
[TRAIN] Epoch 55 Loss 0.7194
6299 13135 1334 17611
[TEST ] 55 ----------------
Starting training
[TRAIN] Epoch 56 Loss 0.1246
7543 11891 1789 17156
[TEST ] 56 ----------------
Starting training
[TRAIN] Epoch 57 Loss 0.3579
6259 13175 1322 17623
[TEST ] 57 ----------------
Starting training
[TRAIN] Epoch 58 Loss 0.1538
6896 12538 1532 17413
[TEST ] 58 ----------------
Starting training
[TRAIN] Epoch 59 Loss 0.2408
6376 13058 1347 17598
[TEST ] 59 ----------------
Starting training
[TRAIN] Epoch 60 Loss 0.4513
6776 12658 1500 17445
[TEST ] 60 ----------------
Starting training
[TRAIN] Epoch 61 Loss 0.1046
7066 12368 1595 17350
[TEST ] 61 ----------------
Starting training
[TRAIN] Epoch 62 Loss 0.5971
6753 12681 1452 17493
[TEST ] 62 ----------------
Starting training
[TRAIN] Epoch 63 Loss 0.0815
5865 13569 1282 17663
[TEST ] 63 ----------------
Starting training
[TRAIN] Epoch 64 Loss 0.1976
6130 13304 1323 17622
[TEST ] 64 ----------------
Starting training
[TRAIN] Epoch 65 Loss 0.7674
6752 12682 1480 17465
[TEST ] 65 ----------------
Starting training
[TRAIN] Epoch 66 Loss 0.3292
7370 12064 1672 17273
[TEST ] 66 ----------------
Starting training
[TRAIN] Epoch 67 Loss 0.5379
7012 12422 1578 17367
[TEST ] 67 ----------------
Starting training
[TRAIN] Epoch 68 Loss 0.4245
6370 13064 1407 17538
[TEST ] 68 ----------------
Starting training
[TRAIN] Epoch 69 Loss 0.1285
6202 13232 1381 17564
[TEST ] 69 ----------------
Starting training
[TRAIN] Epoch 70 Loss 0.2763
6620 12814 1482 17463
[TEST ] 70 ----------------
Starting training
[TRAIN] Epoch 71 Loss 0.3188
6476 12958 1446 17499
[TEST ] 71 ----------------
Starting training
[TRAIN] Epoch 72 Loss 0.1572
5612 13822 1220 17725
[TEST ] 72 ----------------
Starting training
[TRAIN] Epoch 73 Loss 0.3420
4997 14437 1022 17923
[TEST ] 73 ----------------
Starting training
[TRAIN] Epoch 74 Loss 0.3146
5796 13638 1296 17649
[TEST ] 74 ----------------
Starting training
[TRAIN] Epoch 75 Loss 0.5651
6431 13003 1439 17506
[TEST ] 75 ----------------
Starting training
[TRAIN] Epoch 76 Loss 0.0522
6044 13390 1277 17668
[TEST ] 76 ----------------
Starting training
[TRAIN] Epoch 77 Loss 0.7047
6238 13196 1365 17580
[TEST ] 77 ----------------
Starting training
[TRAIN] Epoch 78 Loss 0.2742
6516 12918 1419 17526
[TEST ] 78 ----------------
Starting training
[TRAIN] Epoch 79 Loss 0.2564
5647 13787 1175 17770
[TEST ] 79 ----------------
Starting training
[TRAIN] Epoch 80 Loss 0.2311
7400 12034 1726 17219
[TEST ] 80 ----------------
Starting training
[TRAIN] Epoch 81 Loss 0.0854
5671 13763 1220 17725
[TEST ] 81 ----------------
Starting training
[TRAIN] Epoch 82 Loss 0.2885
5290 14144 1138 17807
[TEST ] 82 ----------------
Starting training
[TRAIN] Epoch 83 Loss 0.0690
5510 13924 1152 17793
[TEST ] 83 ----------------
Starting training
[TRAIN] Epoch 84 Loss 0.5322
5684 13750 1182 17763
[TEST ] 84 ----------------
Starting training
[TRAIN] Epoch 85 Loss 0.2081
6345 13089 1382 17563
[TEST ] 85 ----------------
Starting training
[TRAIN] Epoch 86 Loss 0.7125
5797 13637 1240 17705
[TEST ] 86 ----------------
Starting training
[TRAIN] Epoch 87 Loss 0.1969
5814 13620 1212 17733
[TEST ] 87 ----------------
Starting training
[TRAIN] Epoch 88 Loss 0.3422
6004 13430 1299 17646
[TEST ] 88 ----------------
Starting training
[TRAIN] Epoch 89 Loss 0.3932
6258 13176 1408 17537
[TEST ] 89 ----------------
Starting training
[TRAIN] Epoch 90 Loss 0.1806
5917 13517 1279 17666
[TEST ] 90 ----------------
Starting training
[TRAIN] Epoch 91 Loss 0.0574
6421 13013 1467 17478
[TEST ] 91 ----------------
Starting training
[TRAIN] Epoch 92 Loss 0.4366
5653 13781 1220 17725
[TEST ] 92 ----------------
Starting training
[TRAIN] Epoch 93 Loss 0.1257
5193 14241 1088 17857
[TEST ] 93 ----------------
Starting training
[TRAIN] Epoch 94 Loss 0.0101
5758 13676 1250 17695
[TEST ] 94 ----------------
Starting training
[TRAIN] Epoch 95 Loss 0.3279
6402 13032 1432 17513
[TEST ] 95 ----------------
Starting training
[TRAIN] Epoch 96 Loss 0.7281
6855 12579 1556 17389
[TEST ] 96 ----------------
Starting training
[TRAIN] Epoch 97 Loss 0.6186
5800 13634 1292 17653
[TEST ] 97 ----------------
Starting training
[TRAIN] Epoch 98 Loss 0.2534
6299 13135 1382 17563
[TEST ] 98 ----------------
Starting training
[TRAIN] Epoch 99 Loss 0.3312
4662 14772 962 17983
[TEST ] 99 ----------------
Starting training
[TRAIN] Epoch 100 Loss 0.1613
5427 14007 1109 17836
[TEST ] 100 ----------------
Starting training
[TRAIN] Epoch 101 Loss 0.2272
5941 13493 1294 17651
[TEST ] 101 ----------------
Starting training
[TRAIN] Epoch 102 Loss 0.1293
6023 13411 1283 17662
[TEST ] 102 ----------------
Starting training
[TRAIN] Epoch 103 Loss 0.7736
4147 15287 809 18136
[TEST ] 103 ----------------
Starting training
[TRAIN] Epoch 104 Loss 0.4390
5940 13494 1275 17670
[TEST ] 104 ----------------
Starting training
[TRAIN] Epoch 105 Loss 0.0448
5241 14193 1125 17820
[TEST ] 105 ----------------
Starting training
[TRAIN] Epoch 106 Loss 0.7469
4094 15340 798 18147
[TEST ] 106 ----------------
Starting training
[TRAIN] Epoch 107 Loss 0.1123
5430 14004 1132 17813
[TEST ] 107 ----------------
Starting training
[TRAIN] Epoch 108 Loss 0.5159
5761 13673 1228 17717
[TEST ] 108 ----------------
Starting training
[TRAIN] Epoch 109 Loss 0.1763
5023 14411 1076 17869
[TEST ] 109 ----------------
Starting training
[TRAIN] Epoch 110 Loss 0.0363
4792 14642 1002 17943
[TEST ] 110 ----------------
Starting training
[TRAIN] Epoch 111 Loss 0.1893
5868 13566 1238 17707
[TEST ] 111 ----------------
Starting training
[TRAIN] Epoch 112 Loss 0.4541
5707 13727 1201 17744
[TEST ] 112 ----------------
Starting training
[TRAIN] Epoch 113 Loss 0.2406
5424 14010 1110 17835
[TEST ] 113 ----------------
Starting training
[TRAIN] Epoch 114 Loss 0.5095
4975 14459 1019 17926
[TEST ] 114 ----------------
Starting training
[TRAIN] Epoch 115 Loss 0.3524
5769 13665 1219 17726
[TEST ] 115 ----------------
Starting training
[TRAIN] Epoch 116 Loss 0.2829
4915 14519 981 17964
[TEST ] 116 ----------------
Starting training
[TRAIN] Epoch 117 Loss 0.6523
5079 14355 1049 17896
[TEST ] 117 ----------------
Starting training
[TRAIN] Epoch 118 Loss 0.0948
5654 13780 1222 17723
[TEST ] 118 ----------------
Starting training
[TRAIN] Epoch 119 Loss 0.1192
5290 14144 1118 17827
[TEST ] 119 ----------------
Starting training
[TRAIN] Epoch 120 Loss 0.3022
5232 14202 1092 17853
[TEST ] 120 ----------------
Starting training
[TRAIN] Epoch 121 Loss 0.2368
4628 14806 935 18010
[TEST ] 121 ----------------
Starting training
[TRAIN] Epoch 122 Loss 0.2748
5876 13558 1295 17650
[TEST ] 122 ----------------
Starting training
[TRAIN] Epoch 123 Loss 0.3199
5568 13866 1206 17739
[TEST ] 123 ----------------
Starting training
[TRAIN] Epoch 124 Loss 0.4417
4847 14587 989 17956
[TEST ] 124 ----------------
Starting training
[TRAIN] Epoch 125 Loss 0.1821
5772 13662 1254 17691
[TEST ] 125 ----------------
Starting training
[TRAIN] Epoch 126 Loss 0.2024
5571 13863 1190 17755
[TEST ] 126 ----------------
Starting training
[TRAIN] Epoch 127 Loss 0.5052
5401 14033 1133 17812
[TEST ] 127 ----------------
Starting training
[TRAIN] Epoch 128 Loss 0.2004
5179 14255 1086 17859
[TEST ] 128 ----------------
Starting training
[TRAIN] Epoch 129 Loss 0.1987
5202 14232 1114 17831
[TEST ] 129 ----------------
Starting training
[TRAIN] Epoch 130 Loss 0.0206
5446 13988 1137 17808
[TEST ] 130 ----------------
Starting training
[TRAIN] Epoch 131 Loss 0.0435
4986 14448 1024 17921
[TEST ] 131 ----------------
Starting training
[TRAIN] Epoch 132 Loss 0.0451
4927 14507 1012 17933
[TEST ] 132 ----------------
Starting training
[TRAIN] Epoch 133 Loss 0.1039
5396 14038 1155 17790
[TEST ] 133 ----------------
Starting training
[TRAIN] Epoch 134 Loss 0.0524
5804 13630 1290 17655
[TEST ] 134 ----------------
Starting training
[TRAIN] Epoch 135 Loss 0.4493
4838 14596 974 17971
[TEST ] 135 ----------------
Starting training
[TRAIN] Epoch 136 Loss 0.0336
5274 14160 1131 17814
[TEST ] 136 ----------------
Starting training
[TRAIN] Epoch 137 Loss 0.7771
5612 13822 1220 17725
[TEST ] 137 ----------------
Starting training
[TRAIN] Epoch 138 Loss 0.5054
5416 14018 1145 17800
[TEST ] 138 ----------------
Starting training
[TRAIN] Epoch 139 Loss 0.0656
6502 12932 1460 17485
[TEST ] 139 ----------------
Starting training
[TRAIN] Epoch 140 Loss 0.6460
6028 13406 1334 17611
[TEST ] 140 ----------------
Starting training
[TRAIN] Epoch 141 Loss 0.4747
5384 14050 1142 17803
[TEST ] 141 ----------------
Starting training
[TRAIN] Epoch 142 Loss 0.1607
5486 13948 1157 17788
[TEST ] 142 ----------------
Starting training
[TRAIN] Epoch 143 Loss 0.1887
5075 14359 1071 17874
[TEST ] 143 ----------------
Starting training
[TRAIN] Epoch 144 Loss 0.5057
5627 13807 1212 17733
[TEST ] 144 ----------------
Starting training
[TRAIN] Epoch 145 Loss 0.0524
4715 14719 961 17984
[TEST ] 145 ----------------
Starting training
[TRAIN] Epoch 146 Loss 0.1198
4919 14515 1045 17900
[TEST ] 146 ----------------
Starting training
[TRAIN] Epoch 147 Loss 0.0943
5464 13970 1140 17805
[TEST ] 147 ----------------
Starting training
[TRAIN] Epoch 148 Loss 0.2559
5002 14432 1055 17890
[TEST ] 148 ----------------
Starting training
[TRAIN] Epoch 149 Loss 0.1571
4217 15217 811 18134
[TEST ] 149 ----------------
Starting training
[TRAIN] Epoch 150 Loss 0.4123
5271 14163 1062 17883
[TEST ] 150 ----------------
Starting training
[TRAIN] Epoch 151 Loss 0.4928
5331 14103 1150 17795
[TEST ] 151 ----------------
Starting training
[TRAIN] Epoch 152 Loss 0.1045
4829 14605 1022 17923
[TEST ] 152 ----------------
Starting training
[TRAIN] Epoch 153 Loss 0.2442
4764 14670 992 17953
[TEST ] 153 ----------------
Starting training
[TRAIN] Epoch 154 Loss 0.9604
4387 15047 874 18071
[TEST ] 154 ----------------
Starting training
[TRAIN] Epoch 155 Loss 0.1555
5279 14155 1118 17827
[TEST ] 155 ----------------
Starting training
[TRAIN] Epoch 156 Loss 0.4338
4596 14838 952 17993
[TEST ] 156 ----------------
Starting training
[TRAIN] Epoch 157 Loss 0.8011
3883 15551 784 18161
[TEST ] 157 ----------------
Starting training
[TRAIN] Epoch 158 Loss 0.1143
4889 14545 1041 17904
[TEST ] 158 ----------------
Starting training
[TRAIN] Epoch 159 Loss 0.0769
4911 14523 1029 17916
[TEST ] 159 ----------------
Starting training
[TRAIN] Epoch 160 Loss 0.2274
5252 14182 1100 17845
[TEST ] 160 ----------------
Starting training
[TRAIN] Epoch 161 Loss 0.1192
5161 14273 1057 17888
[TEST ] 161 ----------------
Starting training
[TRAIN] Epoch 162 Loss 1.0849
4798 14636 986 17959
[TEST ] 162 ----------------
Starting training
[TRAIN] Epoch 163 Loss 0.3657
5629 13805 1248 17697
[TEST ] 163 ----------------
Starting training
[TRAIN] Epoch 164 Loss 0.5324
5105 14329 1108 17837
[TEST ] 164 ----------------
Starting training
[TRAIN] Epoch 165 Loss 0.0759
4915 14519 1029 17916
[TEST ] 165 ----------------
Starting training
[TRAIN] Epoch 166 Loss 0.2124
4596 14838 932 18013
[TEST ] 166 ----------------
Starting training
[TRAIN] Epoch 167 Loss 0.2762
4586 14848 946 17999
[TEST ] 167 ----------------
Starting training
[TRAIN] Epoch 168 Loss 0.8267
4444 14990 909 18036
[TEST ] 168 ----------------
Starting training
[TRAIN] Epoch 169 Loss 0.0362
5235 14199 1118 17827
[TEST ] 169 ----------------
Starting training
[TRAIN] Epoch 170 Loss 0.2468
4433 15001 912 18033
[TEST ] 170 ----------------
Starting training
[TRAIN] Epoch 171 Loss 0.4580
4419 15015 907 18038
[TEST ] 171 ----------------
Starting training
[TRAIN] Epoch 172 Loss 0.2686
4314 15120 878 18067
[TEST ] 172 ----------------
Starting training
[TRAIN] Epoch 173 Loss 0.1567
5271 14163 1133 17812
[TEST ] 173 ----------------
Starting training
[TRAIN] Epoch 174 Loss 0.0204
5398 14036 1173 17772
[TEST ] 174 ----------------
Starting training
[TRAIN] Epoch 175 Loss 0.4382
5632 13802 1251 17694
[TEST ] 175 ----------------
Starting training
[TRAIN] Epoch 176 Loss 0.0551
5215 14219 1084 17861
[TEST ] 176 ----------------
Starting training
[TRAIN] Epoch 177 Loss 0.3042
5566 13868 1236 17709
[TEST ] 177 ----------------
Starting training
[TRAIN] Epoch 178 Loss 0.2760
4687 14747 924 18021
[TEST ] 178 ----------------
Starting training
[TRAIN] Epoch 179 Loss 0.0559
4260 15174 833 18112
[TEST ] 179 ----------------
Starting training
[TRAIN] Epoch 180 Loss 0.0765
4889 14545 948 17997
[TEST ] 180 ----------------
Starting training
[TRAIN] Epoch 181 Loss 0.1478
4544 14890 887 18058
[TEST ] 181 ----------------
Starting training
[TRAIN] Epoch 182 Loss 0.3652
4819 14615 991 17954
[TEST ] 182 ----------------
Starting training
[TRAIN] Epoch 183 Loss 0.0376
5288 14146 1095 17850
[TEST ] 183 ----------------
Starting training
[TRAIN] Epoch 184 Loss 0.0602
4456 14978 856 18089
[TEST ] 184 ----------------
Starting training
[TRAIN] Epoch 185 Loss 0.4220
4834 14600 990 17955
[TEST ] 185 ----------------
Starting training
[TRAIN] Epoch 186 Loss 0.4060
4368 15066 907 18038
[TEST ] 186 ----------------
Starting training
[TRAIN] Epoch 187 Loss 0.3403
4190 15244 822 18123
[TEST ] 187 ----------------
Starting training
[TRAIN] Epoch 188 Loss 0.1739
4692 14742 977 17968
[TEST ] 188 ----------------
Starting training
[TRAIN] Epoch 189 Loss 0.5377
5008 14426 1044 17901
[TEST ] 189 ----------------
Starting training
[TRAIN] Epoch 190 Loss 0.2148
5048 14386 1069 17876
[TEST ] 190 ----------------
Starting training
[TRAIN] Epoch 191 Loss 0.4857
5153 14281 1025 17920
[TEST ] 191 ----------------
Starting training
[TRAIN] Epoch 192 Loss 0.4665
4507 14927 899 18046
[TEST ] 192 ----------------
Starting training
[TRAIN] Epoch 193 Loss 0.3025
5259 14175 1132 17813
[TEST ] 193 ----------------
Starting training
[TRAIN] Epoch 194 Loss 0.1132
4443 14991 922 18023
[TEST ] 194 ----------------
Starting training
[TRAIN] Epoch 195 Loss 0.0295
4082 15352 817 18128
[TEST ] 195 ----------------
Starting training
[TRAIN] Epoch 196 Loss 0.1653
4031 15403 814 18131
[TEST ] 196 ----------------
Starting training
[TRAIN] Epoch 197 Loss 0.2456
5083 14351 1091 17854
[TEST ] 197 ----------------
Starting training
[TRAIN] Epoch 198 Loss 0.1786
4685 14749 984 17961
[TEST ] 198 ----------------
Starting training
[TRAIN] Epoch 199 Loss 0.3578
4548 14886 946 17999
[TEST ] 199 ----------------
Starting training
[TRAIN] Epoch 200 Loss 0.1111
4774 14660 981 17964
[TEST ] 200 ----------------
tcr_split
79m 11s
[TEST ] 200 ----------------
4774 14660 981 17964
accuracy   0.5925
auc        0.7882
f1macro    0.5379
f1micro    0.5925
loss       278694.2430
precision0 0.8295
precision1 0.5506
recall0    0.2457
recall1    0.9482

[INDEP] {} ----------------
8810 32068 3814 37064
accuracy   0.5611
auc        0.6998
f1macro    0.5016
f1micro    0.5611
loss       707681.1347
precision0 0.6979
precision1 0.5361
recall0    0.2155
recall1    0.9067

[INDEP] {} ----------------
5797 18279 1250 22716
accuracy   0.5935
auc        0.7797
f1macro    0.5359
f1micro    0.5935
loss       346060.5918
precision0 0.8226
precision1 0.5541
recall0    0.2408
recall1    0.9478

